[2018-06-26 10:54:24] main.CRITICAL: ReflectionException: Class Magento\MediaStorage\Model\File\Storage\Response\Interceptor does not exist in D:\xampp\htdocs\remindedofyou\vendor\magento\framework\Code\Reader\ClassReader.php:19
Stack trace:
#0 D:\xampp\htdocs\remindedofyou\vendor\magento\framework\Code\Reader\ClassReader.php(19): ReflectionClass->__construct('Magento\\MediaSt...')
#1 D:\xampp\htdocs\remindedofyou\vendor\magento\framework\ObjectManager\Definition\Runtime.php(44): Magento\Framework\Code\Reader\ClassReader->getConstructor('Magento\\MediaSt...')
#2 D:\xampp\htdocs\remindedofyou\vendor\magento\framework\ObjectManager\Factory\Dynamic\Developer.php(48): Magento\Framework\ObjectManager\Definition\Runtime->getParameters('Magento\\MediaSt...')
#3 D:\xampp\htdocs\remindedofyou\vendor\magento\framework\ObjectManager\ObjectManager.php(57): Magento\Framework\ObjectManager\Factory\Dynamic\Developer->create('Magento\\MediaSt...', Array)
#4 D:\xampp\htdocs\remindedofyou\vendor\magento\framework\ObjectManager\Factory\AbstractFactory.php(146): Magento\Framework\ObjectManager\ObjectManager->create('Magento\\MediaSt...')
#5 D:\xampp\htdocs\remindedofyou\vendor\magento\framework\ObjectManager\Factory\AbstractFactory.php(232): Magento\Framework\ObjectManager\Factory\AbstractFactory->resolveArgument(Array, 'Magento\\Framewo...', NULL, 'response', 'Magento\\Framewo...')
#6 D:\xampp\htdocs\remindedofyou\vendor\magento\framework\ObjectManager\Factory\Dynamic\Developer.php(34): Magento\Framework\ObjectManager\Factory\AbstractFactory->resolveArgumentsInRuntime('Magento\\Framewo...', Array, Array)
#7 D:\xampp\htdocs\remindedofyou\vendor\magento\framework\ObjectManager\Factory\Dynamic\Developer.php(59): Magento\Framework\ObjectManager\Factory\Dynamic\Developer->_resolveArguments('Magento\\Framewo...', Array, Array)
#8 D:\xampp\htdocs\remindedofyou\vendor\magento\framework\ObjectManager\ObjectManager.php(57): Magento\Framework\ObjectManager\Factory\Dynamic\Developer->create('Magento\\Framewo...', Array)
#9 D:\xampp\htdocs\remindedofyou\vendor\magento\framework\App\Bootstrap.php(233): Magento\Framework\ObjectManager\ObjectManager->create('Magento\\Framewo...', Array)
#10 D:\xampp\htdocs\remindedofyou\pub\static.php(12): Magento\Framework\App\Bootstrap->createApplication('Magento\\Framewo...')
#11 {main} [] []
[2018-06-26 10:54:24] main.CRITICAL: ReflectionException: Class Magento\MediaStorage\Model\File\Storage\Response\Interceptor does not exist in D:\xampp\htdocs\remindedofyou\vendor\magento\framework\Code\Reader\ClassReader.php:19
Stack trace:
#0 D:\xampp\htdocs\remindedofyou\vendor\magento\framework\Code\Reader\ClassReader.php(19): ReflectionClass->__construct('Magento\\MediaSt...')
#1 D:\xampp\htdocs\remindedofyou\vendor\magento\framework\ObjectManager\Definition\Runtime.php(44): Magento\Framework\Code\Reader\ClassReader->getConstructor('Magento\\MediaSt...')
#2 D:\xampp\htdocs\remindedofyou\vendor\magento\framework\ObjectManager\Factory\Dynamic\Developer.php(48): Magento\Framework\ObjectManager\Definition\Runtime->getParameters('Magento\\MediaSt...')
#3 D:\xampp\htdocs\remindedofyou\vendor\magento\framework\ObjectManager\ObjectManager.php(57): Magento\Framework\ObjectManager\Factory\Dynamic\Developer->create('Magento\\MediaSt...', Array)
#4 D:\xampp\htdocs\remindedofyou\vendor\magento\framework\ObjectManager\Factory\AbstractFactory.php(146): Magento\Framework\ObjectManager\ObjectManager->create('Magento\\MediaSt...')
#5 D:\xampp\htdocs\remindedofyou\vendor\magento\framework\ObjectManager\Factory\AbstractFactory.php(232): Magento\Framework\ObjectManager\Factory\AbstractFactory->resolveArgument(Array, 'Magento\\Framewo...', NULL, 'response', 'Magento\\Framewo...')
#6 D:\xampp\htdocs\remindedofyou\vendor\magento\framework\ObjectManager\Factory\Dynamic\Developer.php(34): Magento\Framework\ObjectManager\Factory\AbstractFactory->resolveArgumentsInRuntime('Magento\\Framewo...', Array, Array)
#7 D:\xampp\htdocs\remindedofyou\vendor\magento\framework\ObjectManager\Factory\Dynamic\Developer.php(59): Magento\Framework\ObjectManager\Factory\Dynamic\Developer->_resolveArguments('Magento\\Framewo...', Array, Array)
#8 D:\xampp\htdocs\remindedofyou\vendor\magento\framework\ObjectManager\ObjectManager.php(57): Magento\Framework\ObjectManager\Factory\Dynamic\Developer->create('Magento\\Framewo...', Array)
#9 D:\xampp\htdocs\remindedofyou\vendor\magento\framework\App\Bootstrap.php(233): Magento\Framework\ObjectManager\ObjectManager->create('Magento\\Framewo...', Array)
#10 D:\xampp\htdocs\remindedofyou\pub\static.php(12): Magento\Framework\App\Bootstrap->createApplication('Magento\\Framewo...')
#11 {main} [] []
[2018-06-26 10:54:24] main.CRITICAL: ReflectionException: Class Magento\MediaStorage\Model\File\Storage\Response\Interceptor does not exist in D:\xampp\htdocs\remindedofyou\vendor\magento\framework\Code\Reader\ClassReader.php:19
Stack trace:
#0 D:\xampp\htdocs\remindedofyou\vendor\magento\framework\Code\Reader\ClassReader.php(19): ReflectionClass->__construct('Magento\\MediaSt...')
#1 D:\xampp\htdocs\remindedofyou\vendor\magento\framework\ObjectManager\Definition\Runtime.php(44): Magento\Framework\Code\Reader\ClassReader->getConstructor('Magento\\MediaSt...')
#2 D:\xampp\htdocs\remindedofyou\vendor\magento\framework\ObjectManager\Factory\Dynamic\Developer.php(48): Magento\Framework\ObjectManager\Definition\Runtime->getParameters('Magento\\MediaSt...')
#3 D:\xampp\htdocs\remindedofyou\vendor\magento\framework\ObjectManager\ObjectManager.php(57): Magento\Framework\ObjectManager\Factory\Dynamic\Developer->create('Magento\\MediaSt...', Array)
#4 D:\xampp\htdocs\remindedofyou\vendor\magento\framework\ObjectManager\Factory\AbstractFactory.php(146): Magento\Framework\ObjectManager\ObjectManager->create('Magento\\MediaSt...')
#5 D:\xampp\htdocs\remindedofyou\vendor\magento\framework\ObjectManager\Factory\AbstractFactory.php(232): Magento\Framework\ObjectManager\Factory\AbstractFactory->resolveArgument(Array, 'Magento\\Framewo...', NULL, 'response', 'Magento\\Framewo...')
#6 D:\xampp\htdocs\remindedofyou\vendor\magento\framework\ObjectManager\Factory\Dynamic\Developer.php(34): Magento\Framework\ObjectManager\Factory\AbstractFactory->resolveArgumentsInRuntime('Magento\\Framewo...', Array, Array)
#7 D:\xampp\htdocs\remindedofyou\vendor\magento\framework\ObjectManager\Factory\Dynamic\Developer.php(59): Magento\Framework\ObjectManager\Factory\Dynamic\Developer->_resolveArguments('Magento\\Framewo...', Array, Array)
#8 D:\xampp\htdocs\remindedofyou\vendor\magento\framework\ObjectManager\ObjectManager.php(57): Magento\Framework\ObjectManager\Factory\Dynamic\Developer->create('Magento\\Framewo...', Array)
#9 D:\xampp\htdocs\remindedofyou\vendor\magento\framework\App\Bootstrap.php(233): Magento\Framework\ObjectManager\ObjectManager->create('Magento\\Framewo...', Array)
#10 D:\xampp\htdocs\remindedofyou\pub\static.php(12): Magento\Framework\App\Bootstrap->createApplication('Magento\\Framewo...')
#11 {main} [] []
[2018-06-26 10:54:24] main.CRITICAL: ReflectionException: Class Magento\MediaStorage\Model\File\Storage\Response\Interceptor does not exist in D:\xampp\htdocs\remindedofyou\vendor\magento\framework\Code\Reader\ClassReader.php:19
Stack trace:
#0 D:\xampp\htdocs\remindedofyou\vendor\magento\framework\Code\Reader\ClassReader.php(19): ReflectionClass->__construct('Magento\\MediaSt...')
#1 D:\xampp\htdocs\remindedofyou\vendor\magento\framework\ObjectManager\Definition\Runtime.php(44): Magento\Framework\Code\Reader\ClassReader->getConstructor('Magento\\MediaSt...')
#2 D:\xampp\htdocs\remindedofyou\vendor\magento\framework\ObjectManager\Factory\Dynamic\Developer.php(48): Magento\Framework\ObjectManager\Definition\Runtime->getParameters('Magento\\MediaSt...')
#3 D:\xampp\htdocs\remindedofyou\vendor\magento\framework\ObjectManager\ObjectManager.php(57): Magento\Framework\ObjectManager\Factory\Dynamic\Developer->create('Magento\\MediaSt...', Array)
#4 D:\xampp\htdocs\remindedofyou\vendor\magento\framework\ObjectManager\Factory\AbstractFactory.php(146): Magento\Framework\ObjectManager\ObjectManager->create('Magento\\MediaSt...')
#5 D:\xampp\htdocs\remindedofyou\vendor\magento\framework\ObjectManager\Factory\AbstractFactory.php(232): Magento\Framework\ObjectManager\Factory\AbstractFactory->resolveArgument(Array, 'Magento\\Framewo...', NULL, 'response', 'Magento\\Framewo...')
#6 D:\xampp\htdocs\remindedofyou\vendor\magento\framework\ObjectManager\Factory\Dynamic\Developer.php(34): Magento\Framework\ObjectManager\Factory\AbstractFactory->resolveArgumentsInRuntime('Magento\\Framewo...', Array, Array)
#7 D:\xampp\htdocs\remindedofyou\vendor\magento\framework\ObjectManager\Factory\Dynamic\Developer.php(59): Magento\Framework\ObjectManager\Factory\Dynamic\Developer->_resolveArguments('Magento\\Framewo...', Array, Array)
#8 D:\xampp\htdocs\remindedofyou\vendor\magento\framework\ObjectManager\ObjectManager.php(57): Magento\Framework\ObjectManager\Factory\Dynamic\Developer->create('Magento\\Framewo...', Array)
#9 D:\xampp\htdocs\remindedofyou\vendor\magento\framework\App\Bootstrap.php(233): Magento\Framework\ObjectManager\ObjectManager->create('Magento\\Framewo...', Array)
#10 D:\xampp\htdocs\remindedofyou\pub\static.php(12): Magento\Framework\App\Bootstrap->createApplication('Magento\\Framewo...')
#11 {main} [] []
[2018-06-26 10:54:24] main.CRITICAL: ReflectionException: Class Magento\MediaStorage\Model\File\Storage\Response\Interceptor does not exist in D:\xampp\htdocs\remindedofyou\vendor\magento\framework\Code\Reader\ClassReader.php:19
Stack trace:
#0 D:\xampp\htdocs\remindedofyou\vendor\magento\framework\Code\Reader\ClassReader.php(19): ReflectionClass->__construct('Magento\\MediaSt...')
#1 D:\xampp\htdocs\remindedofyou\vendor\magento\framework\ObjectManager\Definition\Runtime.php(44): Magento\Framework\Code\Reader\ClassReader->getConstructor('Magento\\MediaSt...')
#2 D:\xampp\htdocs\remindedofyou\vendor\magento\framework\ObjectManager\Factory\Dynamic\Developer.php(48): Magento\Framework\ObjectManager\Definition\Runtime->getParameters('Magento\\MediaSt...')
#3 D:\xampp\htdocs\remindedofyou\vendor\magento\framework\ObjectManager\ObjectManager.php(57): Magento\Framework\ObjectManager\Factory\Dynamic\Developer->create('Magento\\MediaSt...', Array)
#4 D:\xampp\htdocs\remindedofyou\vendor\magento\framework\ObjectManager\Factory\AbstractFactory.php(146): Magento\Framework\ObjectManager\ObjectManager->create('Magento\\MediaSt...')
#5 D:\xampp\htdocs\remindedofyou\vendor\magento\framework\ObjectManager\Factory\AbstractFactory.php(232): Magento\Framework\ObjectManager\Factory\AbstractFactory->resolveArgument(Array, 'Magento\\Framewo...', NULL, 'response', 'Magento\\Framewo...')
#6 D:\xampp\htdocs\remindedofyou\vendor\magento\framework\ObjectManager\Factory\Dynamic\Developer.php(34): Magento\Framework\ObjectManager\Factory\AbstractFactory->resolveArgumentsInRuntime('Magento\\Framewo...', Array, Array)
#7 D:\xampp\htdocs\remindedofyou\vendor\magento\framework\ObjectManager\Factory\Dynamic\Developer.php(59): Magento\Framework\ObjectManager\Factory\Dynamic\Developer->_resolveArguments('Magento\\Framewo...', Array, Array)
#8 D:\xampp\htdocs\remindedofyou\vendor\magento\framework\ObjectManager\ObjectManager.php(57): Magento\Framework\ObjectManager\Factory\Dynamic\Developer->create('Magento\\Framewo...', Array)
#9 D:\xampp\htdocs\remindedofyou\vendor\magento\framework\App\Bootstrap.php(233): Magento\Framework\ObjectManager\ObjectManager->create('Magento\\Framewo...', Array)
#10 D:\xampp\htdocs\remindedofyou\pub\static.php(12): Magento\Framework\App\Bootstrap->createApplication('Magento\\Framewo...')
#11 {main} [] []
[2018-06-26 11:21:20] main.CRITICAL: Zend_Mail_Transport_Exception: Unable to send mail. mail(): Failed to connect to mailserver at &quot;localhost&quot; port 25, verify your &quot;SMTP&quot; and &quot;smtp_port&quot; setting in php.ini or use ini_set() in D:\xampp\htdocs\remindedofyou\vendor\magento\zendframework1\library\Zend\Mail\Transport\Sendmail.php:111
Stack trace:
#0 D:\xampp\htdocs\remindedofyou\vendor\magento\zendframework1\library\Zend\Mail\Transport\Abstract.php(348): Zend_Mail_Transport_Sendmail->_sendMail()
#1 D:\xampp\htdocs\remindedofyou\vendor\magento\framework\Mail\Transport.php(39): Zend_Mail_Transport_Abstract->send(Object(Magento\Framework\Mail\Message))
#2 D:\xampp\htdocs\remindedofyou\vendor\magento\framework\Interception\Interceptor.php(74): Magento\Framework\Mail\Transport->sendMessage()
#3 D:\xampp\htdocs\remindedofyou\vendor\magento\framework\Interception\Chain\Chain.php(70): Magento\Framework\Mail\Transport\Interceptor->___callParent('sendMessage', Array)
#4 D:\xampp\htdocs\remindedofyou\vendor\magento\framework\Interception\Chain\Chain.php(63): Magento\Framework\Interception\Chain\Chain->invokeNext('Magento\\Framewo...', 'sendMessage', Object(Magento\Framework\Mail\Transport\Interceptor), Array, 'disableSending')
#5 D:\xampp\htdocs\remindedofyou\vendor\magento\module-email\Model\Plugin\TransportInterfacePlugin.php(54): Magento\Framework\Interception\Chain\Chain->Magento\Framework\Interception\Chain\{closure}()
#6 D:\xampp\htdocs\remindedofyou\vendor\magento\framework\Interception\Chain\Chain.php(67): Magento\Email\Model\Plugin\TransportInterfacePlugin->aroundSendMessage(Object(Magento\Framework\Mail\Transport\Interceptor), Object(Closure))
#7 D:\xampp\htdocs\remindedofyou\vendor\magento\framework\Interception\Interceptor.php(138): Magento\Framework\Interception\Chain\Chain->invokeNext('Magento\\Framewo...', 'sendMessage', Object(Magento\Framework\Mail\Transport\Interceptor), Array, 'customer-sample...')
#8 D:\xampp\htdocs\remindedofyou\vendor\magento\module-customer-sample-data\Magento\Framework\Mail\Transport\MailPlugin.php(32): Magento\Framework\Mail\Transport\Interceptor->Magento\Framework\Interception\{closure}()
#9 D:\xampp\htdocs\remindedofyou\vendor\magento\framework\Interception\Interceptor.php(142): Magento\CustomerSampleData\Magento\Framework\Mail\Transport\MailPlugin->aroundSendMessage(Object(Magento\Framework\Mail\Transport\Interceptor), Object(Closure))
#10 D:\xampp\htdocs\remindedofyou\var\generation\Magento\Framework\Mail\Transport\Interceptor.php(26): Magento\Framework\Mail\Transport\Interceptor->___callPlugins('sendMessage', Array, Array)
#11 D:\xampp\htdocs\remindedofyou\vendor\magento\module-customer\Model\EmailNotification.php(240): Magento\Framework\Mail\Transport\Interceptor->sendMessage()
#12 D:\xampp\htdocs\remindedofyou\vendor\magento\module-customer\Model\EmailNotification.php(363): Magento\Customer\Model\EmailNotification->sendEmailTemplate(Object(Magento\Customer\Model\Data\Customer), 'customer/create...', 'customer/create...', Array, 1)
#13 D:\xampp\htdocs\remindedofyou\vendor\magento\module-customer\Model\AccountManagement.php(823): Magento\Customer\Model\EmailNotification->newAccount(Object(Magento\Customer\Model\Data\Customer), 'confirmation', NULL, 1)
#14 D:\xampp\htdocs\remindedofyou\vendor\magento\module-customer\Model\AccountManagement.php(783): Magento\Customer\Model\AccountManagement->sendEmailConfirmation(Object(Magento\Customer\Model\Data\Customer), NULL)
#15 D:\xampp\htdocs\remindedofyou\var\generation\Magento\Customer\Model\AccountManagement\Interceptor.php(141): Magento\Customer\Model\AccountManagement->createAccountWithPasswordHash(Object(Magento\Customer\Model\Data\Customer), '93d85a716e0c574...', NULL)
#16 D:\xampp\htdocs\remindedofyou\vendor\magento\module-customer\Model\AccountManagement.php(708): Magento\Customer\Model\AccountManagement\Interceptor->createAccountWithPasswordHash(Object(Magento\Customer\Model\Data\Customer), '93d85a716e0c574...', NULL)
#17 D:\xampp\htdocs\remindedofyou\var\generation\Magento\Customer\Model\AccountManagement\Interceptor.php(128): Magento\Customer\Model\AccountManagement->createAccount(Object(Magento\Customer\Model\Data\Customer), 'Ariel152', NULL)
#18 D:\xampp\htdocs\remindedofyou\vendor\magento\module-customer\Controller\Account\CreatePost.php(290): Magento\Customer\Model\AccountManagement\Interceptor->createAccount(Object(Magento\Customer\Model\Data\Customer), 'Ariel152', NULL)
#19 D:\xampp\htdocs\remindedofyou\vendor\magento\framework\App\Action\Action.php(102): Magento\Customer\Controller\Account\CreatePost->execute()
#20 D:\xampp\htdocs\remindedofyou\vendor\magento\framework\Interception\Interceptor.php(74): Magento\Framework\App\Action\Action->dispatch(Object(Magento\Framework\App\Request\Http))
#21 D:\xampp\htdocs\remindedofyou\vendor\magento\framework\Interception\Chain\Chain.php(70): Magento\Customer\Controller\Account\CreatePost\Interceptor->___callParent('dispatch', Array)
#22 D:\xampp\htdocs\remindedofyou\vendor\magento\framework\Interception\Chain\Chain.php(63): Magento\Framework\Interception\Chain\Chain->invokeNext('Magento\\Custome...', 'dispatch', Object(Magento\Customer\Controller\Account\CreatePost\Interceptor), Array, 'contextPlugin')
#23 D:\xampp\htdocs\remindedofyou\vendor\magento\module-store\App\Action\Plugin\Context.php(106): Magento\Framework\Interception\Chain\Chain->Magento\Framework\Interception\Chain\{closure}(Object(Magento\Framework\App\Request\Http))
#24 D:\xampp\htdocs\remindedofyou\vendor\magento\framework\Interception\Chain\Chain.php(67): Magento\Store\App\Action\Plugin\Context->aroundDispatch(Object(Magento\Customer\Controller\Account\CreatePost\Interceptor), Object(Closure), Object(Magento\Framework\App\Request\Http))
#25 D:\xampp\htdocs\remindedofyou\vendor\magento\framework\Interception\Chain\Chain.php(63): Magento\Framework\Interception\Chain\Chain->invokeNext('Magento\\Custome...', 'dispatch', Object(Magento\Customer\Controller\Account\CreatePost\Interceptor), Array, 'customer-app-ac...')
#26 D:\xampp\htdocs\remindedofyou\vendor\magento\module-customer\Model\App\Action\ContextPlugin.php(61): Magento\Framework\Interception\Chain\Chain->Magento\Framework\Interception\Chain\{closure}(Object(Magento\Framework\App\Request\Http))
#27 D:\xampp\htdocs\remindedofyou\vendor\magento\framework\Interception\Chain\Chain.php(67): Magento\Customer\Model\App\Action\ContextPlugin->aroundDispatch(Object(Magento\Customer\Controller\Account\CreatePost\Interceptor), Object(Closure), Object(Magento\Framework\App\Request\Http))
#28 D:\xampp\htdocs\remindedofyou\vendor\magento\framework\Interception\Chain\Chain.php(63): Magento\Framework\Interception\Chain\Chain->invokeNext('Magento\\Custome...', 'dispatch', Object(Magento\Customer\Controller\Account\CreatePost\Interceptor), Array, 'storeCheck')
#29 D:\xampp\htdocs\remindedofyou\vendor\magento\module-store\App\Action\Plugin\StoreCheck.php(44): Magento\Framework\Interception\Chain\Chain->Magento\Framework\Interception\Chain\{closure}(Object(Magento\Framework\App\Request\Http))
#30 D:\xampp\htdocs\remindedofyou\vendor\magento\framework\Interception\Chain\Chain.php(67): Magento\Store\App\Action\Plugin\StoreCheck->aroundDispatch(Object(Magento\Customer\Controller\Account\CreatePost\Interceptor), Object(Closure), Object(Magento\Framework\App\Request\Http))
#31 D:\xampp\htdocs\remindedofyou\vendor\magento\framework\Interception\Chain\Chain.php(63): Magento\Framework\Interception\Chain\Chain->invokeNext('Magento\\Custome...', 'dispatch', Object(Magento\Customer\Controller\Account\CreatePost\Interceptor), Array, 'customer_accoun...')
#32 D:\xampp\htdocs\remindedofyou\vendor\magento\module-customer\Controller\Plugin\Account.php(60): Magento\Framework\Interception\Chain\Chain->Magento\Framework\Interception\Chain\{closure}(Object(Magento\Framework\App\Request\Http))
#33 D:\xampp\htdocs\remindedofyou\vendor\magento\framework\Interception\Chain\Chain.php(67): Magento\Customer\Controller\Plugin\Account->aroundDispatch(Object(Magento\Customer\Controller\Account\CreatePost\Interceptor), Object(Closure), Object(Magento\Framework\App\Request\Http))
#34 D:\xampp\htdocs\remindedofyou\vendor\magento\framework\Interception\Chain\Chain.php(63): Magento\Framework\Interception\Chain\Chain->invokeNext('Magento\\Custome...', 'dispatch', Object(Magento\Customer\Controller\Account\CreatePost\Interceptor), Array, 'weee-app-action...')
#35 D:\xampp\htdocs\remindedofyou\vendor\magento\module-weee\Model\App\Action\ContextPlugin.php(112): Magento\Framework\Interception\Chain\Chain->Magento\Framework\Interception\Chain\{closure}(Object(Magento\Framework\App\Request\Http))
#36 D:\xampp\htdocs\remindedofyou\vendor\magento\framework\Interception\Chain\Chain.php(67): Magento\Weee\Model\App\Action\ContextPlugin->aroundDispatch(Object(Magento\Customer\Controller\Account\CreatePost\Interceptor), Object(Closure), Object(Magento\Framework\App\Request\Http))
#37 D:\xampp\htdocs\remindedofyou\vendor\magento\framework\Interception\Interceptor.php(138): Magento\Framework\Interception\Chain\Chain->invokeNext('Magento\\Custome...', 'dispatch', Object(Magento\Customer\Controller\Account\CreatePost\Interceptor), Array, 'tax-app-action-...')
#38 D:\xampp\htdocs\remindedofyou\vendor\magento\module-tax\Model\App\Action\ContextPlugin.php(91): Magento\Customer\Controller\Account\CreatePost\Interceptor->Magento\Framework\Interception\{closure}(Object(Magento\Framework\App\Request\Http))
#39 D:\xampp\htdocs\remindedofyou\vendor\magento\framework\Interception\Interceptor.php(142): Magento\Tax\Model\App\Action\ContextPlugin->aroundDispatch(Object(Magento\Customer\Controller\Account\CreatePost\Interceptor), Object(Closure), Object(Magento\Framework\App\Request\Http))
#40 D:\xampp\htdocs\remindedofyou\var\generation\Magento\Customer\Controller\Account\CreatePost\Interceptor.php(26): Magento\Customer\Controller\Account\CreatePost\Interceptor->___callPlugins('dispatch', Array, Array)
#41 D:\xampp\htdocs\remindedofyou\vendor\magento\framework\App\FrontController.php(55): Magento\Customer\Controller\Account\CreatePost\Interceptor->dispatch(Object(Magento\Framework\App\Request\Http))
#42 D:\xampp\htdocs\remindedofyou\vendor\magento\framework\Interception\Interceptor.php(74): Magento\Framework\App\FrontController->dispatch(Object(Magento\Framework\App\Request\Http))
#43 D:\xampp\htdocs\remindedofyou\vendor\magento\framework\Interception\Chain\Chain.php(70): Magento\Framework\App\FrontController\Interceptor->___callParent('dispatch', Array)
#44 D:\xampp\htdocs\remindedofyou\vendor\magento\framework\Interception\Chain\Chain.php(63): Magento\Framework\Interception\Chain\Chain->invokeNext('Magento\\Framewo...', 'dispatch', Object(Magento\Framework\App\FrontController\Interceptor), Array, 'requestPreproce...')
#45 D:\xampp\htdocs\remindedofyou\vendor\magento\module-store\App\FrontController\Plugin\RequestPreprocessor.php(94): Magento\Framework\Interception\Chain\Chain->Magento\Framework\Interception\Chain\{closure}(Object(Magento\Framework\App\Request\Http))
#46 D:\xampp\htdocs\remindedofyou\vendor\magento\framework\Interception\Chain\Chain.php(67): Magento\Store\App\FrontController\Plugin\RequestPreprocessor->aroundDispatch(Object(Magento\Framework\App\FrontController\Interceptor), Object(Closure), Object(Magento\Framework\App\Request\Http))
#47 D:\xampp\htdocs\remindedofyou\vendor\magento\framework\Interception\Chain\Chain.php(63): Magento\Framework\Interception\Chain\Chain->invokeNext('Magento\\Framewo...', 'dispatch', Object(Magento\Framework\App\FrontController\Interceptor), Array, 'install')
#48 D:\xampp\htdocs\remindedofyou\vendor\magento\framework\Module\Plugin\DbStatusValidator.php(69): Magento\Framework\Interception\Chain\Chain->Magento\Framework\Interception\Chain\{closure}(Object(Magento\Framework\App\Request\Http))
#49 D:\xampp\htdocs\remindedofyou\vendor\magento\framework\Interception\Chain\Chain.php(67): Magento\Framework\Module\Plugin\DbStatusValidator->aroundDispatch(Object(Magento\Framework\App\FrontController\Interceptor), Object(Closure), Object(Magento\Framework\App\Request\Http))
#50 D:\xampp\htdocs\remindedofyou\vendor\magento\framework\Interception\Chain\Chain.php(63): Magento\Framework\Interception\Chain\Chain->invokeNext('Magento\\Framewo...', 'dispatch', Object(Magento\Framework\App\FrontController\Interceptor), Array, 'front-controlle...')
#51 D:\xampp\htdocs\remindedofyou\vendor\magento\module-page-cache\Model\App\FrontController\VarnishPlugin.php(55): Magento\Framework\Interception\Chain\Chain->Magento\Framework\Interception\Chain\{closure}(Object(Magento\Framework\App\Request\Http))
#52 D:\xampp\htdocs\remindedofyou\vendor\magento\framework\Interception\Chain\Chain.php(67): Magento\PageCache\Model\App\FrontController\VarnishPlugin->aroundDispatch(Object(Magento\Framework\App\FrontController\Interceptor), Object(Closure), Object(Magento\Framework\App\Request\Http))
#53 D:\xampp\htdocs\remindedofyou\vendor\magento\framework\Interception\Interceptor.php(138): Magento\Framework\Interception\Chain\Chain->invokeNext('Magento\\Framewo...', 'dispatch', Object(Magento\Framework\App\FrontController\Interceptor), Array, 'front-controlle...')
#54 D:\xampp\htdocs\remindedofyou\vendor\magento\module-page-cache\Model\App\FrontController\BuiltinPlugin.php(73): Magento\Framework\App\FrontController\Interceptor->Magento\Framework\Interception\{closure}(Object(Magento\Framework\App\Request\Http))
#55 D:\xampp\htdocs\remindedofyou\vendor\magento\framework\Interception\Interceptor.php(142): Magento\PageCache\Model\App\FrontController\BuiltinPlugin->aroundDispatch(Object(Magento\Framework\App\FrontController\Interceptor), Object(Closure), Object(Magento\Framework\App\Request\Http))
#56 D:\xampp\htdocs\remindedofyou\var\generation\Magento\Framework\App\FrontController\Interceptor.php(26): Magento\Framework\App\FrontController\Interceptor->___callPlugins('dispatch', Array, Array)
#57 D:\xampp\htdocs\remindedofyou\vendor\magento\framework\App\Http.php(135): Magento\Framework\App\FrontController\Interceptor->dispatch(Object(Magento\Framework\App\Request\Http))
#58 D:\xampp\htdocs\remindedofyou\vendor\magento\framework\App\Bootstrap.php(258): Magento\Framework\App\Http->launch()
#59 D:\xampp\htdocs\remindedofyou\index.php(39): Magento\Framework\App\Bootstrap->run(Object(Magento\Framework\App\Http))
#60 {main}

Next Magento\Framework\Exception\MailException: Unable to send mail. mail(): Failed to connect to mailserver at &quot;localhost&quot; port 25, verify your &quot;SMTP&quot; and &quot;smtp_port&quot; setting in php.ini or use ini_set() in D:\xampp\htdocs\remindedofyou\vendor\magento\framework\Mail\Transport.php:41
Stack trace:
#0 D:\xampp\htdocs\remindedofyou\vendor\magento\framework\Interception\Interceptor.php(74): Magento\Framework\Mail\Transport->sendMessage()
#1 D:\xampp\htdocs\remindedofyou\vendor\magento\framework\Interception\Chain\Chain.php(70): Magento\Framework\Mail\Transport\Interceptor->___callParent('sendMessage', Array)
#2 D:\xampp\htdocs\remindedofyou\vendor\magento\framework\Interception\Chain\Chain.php(63): Magento\Framework\Interception\Chain\Chain->invokeNext('Magento\\Framewo...', 'sendMessage', Object(Magento\Framework\Mail\Transport\Interceptor), Array, 'disableSending')
#3 D:\xampp\htdocs\remindedofyou\vendor\magento\module-email\Model\Plugin\TransportInterfacePlugin.php(54): Magento\Framework\Interception\Chain\Chain->Magento\Framework\Interception\Chain\{closure}()
#4 D:\xampp\htdocs\remindedofyou\vendor\magento\framework\Interception\Chain\Chain.php(67): Magento\Email\Model\Plugin\TransportInterfacePlugin->aroundSendMessage(Object(Magento\Framework\Mail\Transport\Interceptor), Object(Closure))
#5 D:\xampp\htdocs\remindedofyou\vendor\magento\framework\Interception\Interceptor.php(138): Magento\Framework\Interception\Chain\Chain->invokeNext('Magento\\Framewo...', 'sendMessage', Object(Magento\Framework\Mail\Transport\Interceptor), Array, 'customer-sample...')
#6 D:\xampp\htdocs\remindedofyou\vendor\magento\module-customer-sample-data\Magento\Framework\Mail\Transport\MailPlugin.php(32): Magento\Framework\Mail\Transport\Interceptor->Magento\Framework\Interception\{closure}()
#7 D:\xampp\htdocs\remindedofyou\vendor\magento\framework\Interception\Interceptor.php(142): Magento\CustomerSampleData\Magento\Framework\Mail\Transport\MailPlugin->aroundSendMessage(Object(Magento\Framework\Mail\Transport\Interceptor), Object(Closure))
#8 D:\xampp\htdocs\remindedofyou\var\generation\Magento\Framework\Mail\Transport\Interceptor.php(26): Magento\Framework\Mail\Transport\Interceptor->___callPlugins('sendMessage', Array, Array)
#9 D:\xampp\htdocs\remindedofyou\vendor\magento\module-customer\Model\EmailNotification.php(240): Magento\Framework\Mail\Transport\Interceptor->sendMessage()
#10 D:\xampp\htdocs\remindedofyou\vendor\magento\module-customer\Model\EmailNotification.php(363): Magento\Customer\Model\EmailNotification->sendEmailTemplate(Object(Magento\Customer\Model\Data\Customer), 'customer/create...', 'customer/create...', Array, 1)
#11 D:\xampp\htdocs\remindedofyou\vendor\magento\module-customer\Model\AccountManagement.php(823): Magento\Customer\Model\EmailNotification->newAccount(Object(Magento\Customer\Model\Data\Customer), 'confirmation', NULL, 1)
#12 D:\xampp\htdocs\remindedofyou\vendor\magento\module-customer\Model\AccountManagement.php(783): Magento\Customer\Model\AccountManagement->sendEmailConfirmation(Object(Magento\Customer\Model\Data\Customer), NULL)
#13 D:\xampp\htdocs\remindedofyou\var\generation\Magento\Customer\Model\AccountManagement\Interceptor.php(141): Magento\Customer\Model\AccountManagement->createAccountWithPasswordHash(Object(Magento\Customer\Model\Data\Customer), '93d85a716e0c574...', NULL)
#14 D:\xampp\htdocs\remindedofyou\vendor\magento\module-customer\Model\AccountManagement.php(708): Magento\Customer\Model\AccountManagement\Interceptor->createAccountWithPasswordHash(Object(Magento\Customer\Model\Data\Customer), '93d85a716e0c574...', NULL)
#15 D:\xampp\htdocs\remindedofyou\var\generation\Magento\Customer\Model\AccountManagement\Interceptor.php(128): Magento\Customer\Model\AccountManagement->createAccount(Object(Magento\Customer\Model\Data\Customer), 'Ariel152', NULL)
#16 D:\xampp\htdocs\remindedofyou\vendor\magento\module-customer\Controller\Account\CreatePost.php(290): Magento\Customer\Model\AccountManagement\Interceptor->createAccount(Object(Magento\Customer\Model\Data\Customer), 'Ariel152', NULL)
#17 D:\xampp\htdocs\remindedofyou\vendor\magento\framework\App\Action\Action.php(102): Magento\Customer\Controller\Account\CreatePost->execute()
#18 D:\xampp\htdocs\remindedofyou\vendor\magento\framework\Interception\Interceptor.php(74): Magento\Framework\App\Action\Action->dispatch(Object(Magento\Framework\App\Request\Http))
#19 D:\xampp\htdocs\remindedofyou\vendor\magento\framework\Interception\Chain\Chain.php(70): Magento\Customer\Controller\Account\CreatePost\Interceptor->___callParent('dispatch', Array)
#20 D:\xampp\htdocs\remindedofyou\vendor\magento\framework\Interception\Chain\Chain.php(63): Magento\Framework\Interception\Chain\Chain->invokeNext('Magento\\Custome...', 'dispatch', Object(Magento\Customer\Controller\Account\CreatePost\Interceptor), Array, 'contextPlugin')
#21 D:\xampp\htdocs\remindedofyou\vendor\magento\module-store\App\Action\Plugin\Context.php(106): Magento\Framework\Interception\Chain\Chain->Magento\Framework\Interception\Chain\{closure}(Object(Magento\Framework\App\Request\Http))
#22 D:\xampp\htdocs\remindedofyou\vendor\magento\framework\Interception\Chain\Chain.php(67): Magento\Store\App\Action\Plugin\Context->aroundDispatch(Object(Magento\Customer\Controller\Account\CreatePost\Interceptor), Object(Closure), Object(Magento\Framework\App\Request\Http))
#23 D:\xampp\htdocs\remindedofyou\vendor\magento\framework\Interception\Chain\Chain.php(63): Magento\Framework\Interception\Chain\Chain->invokeNext('Magento\\Custome...', 'dispatch', Object(Magento\Customer\Controller\Account\CreatePost\Interceptor), Array, 'customer-app-ac...')
#24 D:\xampp\htdocs\remindedofyou\vendor\magento\module-customer\Model\App\Action\ContextPlugin.php(61): Magento\Framework\Interception\Chain\Chain->Magento\Framework\Interception\Chain\{closure}(Object(Magento\Framework\App\Request\Http))
#25 D:\xampp\htdocs\remindedofyou\vendor\magento\framework\Interception\Chain\Chain.php(67): Magento\Customer\Model\App\Action\ContextPlugin->aroundDispatch(Object(Magento\Customer\Controller\Account\CreatePost\Interceptor), Object(Closure), Object(Magento\Framework\App\Request\Http))
#26 D:\xampp\htdocs\remindedofyou\vendor\magento\framework\Interception\Chain\Chain.php(63): Magento\Framework\Interception\Chain\Chain->invokeNext('Magento\\Custome...', 'dispatch', Object(Magento\Customer\Controller\Account\CreatePost\Interceptor), Array, 'storeCheck')
#27 D:\xampp\htdocs\remindedofyou\vendor\magento\module-store\App\Action\Plugin\StoreCheck.php(44): Magento\Framework\Interception\Chain\Chain->Magento\Framework\Interception\Chain\{closure}(Object(Magento\Framework\App\Request\Http))
#28 D:\xampp\htdocs\remindedofyou\vendor\magento\framework\Interception\Chain\Chain.php(67): Magento\Store\App\Action\Plugin\StoreCheck->aroundDispatch(Object(Magento\Customer\Controller\Account\CreatePost\Interceptor), Object(Closure), Object(Magento\Framework\App\Request\Http))
#29 D:\xampp\htdocs\remindedofyou\vendor\magento\framework\Interception\Chain\Chain.php(63): Magento\Framework\Interception\Chain\Chain->invokeNext('Magento\\Custome...', 'dispatch', Object(Magento\Customer\Controller\Account\CreatePost\Interceptor), Array, 'customer_accoun...')
#30 D:\xampp\htdocs\remindedofyou\vendor\magento\module-customer\Controller\Plugin\Account.php(60): Magento\Framework\Interception\Chain\Chain->Magento\Framework\Interception\Chain\{closure}(Object(Magento\Framework\App\Request\Http))
#31 D:\xampp\htdocs\remindedofyou\vendor\magento\framework\Interception\Chain\Chain.php(67): Magento\Customer\Controller\Plugin\Account->aroundDispatch(Object(Magento\Customer\Controller\Account\CreatePost\Interceptor), Object(Closure), Object(Magento\Framework\App\Request\Http))
#32 D:\xampp\htdocs\remindedofyou\vendor\magento\framework\Interception\Chain\Chain.php(63): Magento\Framework\Interception\Chain\Chain->invokeNext('Magento\\Custome...', 'dispatch', Object(Magento\Customer\Controller\Account\CreatePost\Interceptor), Array, 'weee-app-action...')
#33 D:\xampp\htdocs\remindedofyou\vendor\magento\module-weee\Model\App\Action\ContextPlugin.php(112): Magento\Framework\Interception\Chain\Chain->Magento\Framework\Interception\Chain\{closure}(Object(Magento\Framework\App\Request\Http))
#34 D:\xampp\htdocs\remindedofyou\vendor\magento\framework\Interception\Chain\Chain.php(67): Magento\Weee\Model\App\Action\ContextPlugin->aroundDispatch(Object(Magento\Customer\Controller\Account\CreatePost\Interceptor), Object(Closure), Object(Magento\Framework\App\Request\Http))
#35 D:\xampp\htdocs\remindedofyou\vendor\magento\framework\Interception\Interceptor.php(138): Magento\Framework\Interception\Chain\Chain->invokeNext('Magento\\Custome...', 'dispatch', Object(Magento\Customer\Controller\Account\CreatePost\Interceptor), Array, 'tax-app-action-...')
#36 D:\xampp\htdocs\remindedofyou\vendor\magento\module-tax\Model\App\Action\ContextPlugin.php(91): Magento\Customer\Controller\Account\CreatePost\Interceptor->Magento\Framework\Interception\{closure}(Object(Magento\Framework\App\Request\Http))
#37 D:\xampp\htdocs\remindedofyou\vendor\magento\framework\Interception\Interceptor.php(142): Magento\Tax\Model\App\Action\ContextPlugin->aroundDispatch(Object(Magento\Customer\Controller\Account\CreatePost\Interceptor), Object(Closure), Object(Magento\Framework\App\Request\Http))
#38 D:\xampp\htdocs\remindedofyou\var\generation\Magento\Customer\Controller\Account\CreatePost\Interceptor.php(26): Magento\Customer\Controller\Account\CreatePost\Interceptor->___callPlugins('dispatch', Array, Array)
#39 D:\xampp\htdocs\remindedofyou\vendor\magento\framework\App\FrontController.php(55): Magento\Customer\Controller\Account\CreatePost\Interceptor->dispatch(Object(Magento\Framework\App\Request\Http))
#40 D:\xampp\htdocs\remindedofyou\vendor\magento\framework\Interception\Interceptor.php(74): Magento\Framework\App\FrontController->dispatch(Object(Magento\Framework\App\Request\Http))
#41 D:\xampp\htdocs\remindedofyou\vendor\magento\framework\Interception\Chain\Chain.php(70): Magento\Framework\App\FrontController\Interceptor->___callParent('dispatch', Array)
#42 D:\xampp\htdocs\remindedofyou\vendor\magento\framework\Interception\Chain\Chain.php(63): Magento\Framework\Interception\Chain\Chain->invokeNext('Magento\\Framewo...', 'dispatch', Object(Magento\Framework\App\FrontController\Interceptor), Array, 'requestPreproce...')
#43 D:\xampp\htdocs\remindedofyou\vendor\magento\module-store\App\FrontController\Plugin\RequestPreprocessor.php(94): Magento\Framework\Interception\Chain\Chain->Magento\Framework\Interception\Chain\{closure}(Object(Magento\Framework\App\Request\Http))
#44 D:\xampp\htdocs\remindedofyou\vendor\magento\framework\Interception\Chain\Chain.php(67): Magento\Store\App\FrontController\Plugin\RequestPreprocessor->aroundDispatch(Object(Magento\Framework\App\FrontController\Interceptor), Object(Closure), Object(Magento\Framework\App\Request\Http))
#45 D:\xampp\htdocs\remindedofyou\vendor\magento\framework\Interception\Chain\Chain.php(63): Magento\Framework\Interception\Chain\Chain->invokeNext('Magento\\Framewo...', 'dispatch', Object(Magento\Framework\App\FrontController\Interceptor), Array, 'install')
#46 D:\xampp\htdocs\remindedofyou\vendor\magento\framework\Module\Plugin\DbStatusValidator.php(69): Magento\Framework\Interception\Chain\Chain->Magento\Framework\Interception\Chain\{closure}(Object(Magento\Framework\App\Request\Http))
#47 D:\xampp\htdocs\remindedofyou\vendor\magento\framework\Interception\Chain\Chain.php(67): Magento\Framework\Module\Plugin\DbStatusValidator->aroundDispatch(Object(Magento\Framework\App\FrontController\Interceptor), Object(Closure), Object(Magento\Framework\App\Request\Http))
#48 D:\xampp\htdocs\remindedofyou\vendor\magento\framework\Interception\Chain\Chain.php(63): Magento\Framework\Interception\Chain\Chain->invokeNext('Magento\\Framewo...', 'dispatch', Object(Magento\Framework\App\FrontController\Interceptor), Array, 'front-controlle...')
#49 D:\xampp\htdocs\remindedofyou\vendor\magento\module-page-cache\Model\App\FrontController\VarnishPlugin.php(55): Magento\Framework\Interception\Chain\Chain->Magento\Framework\Interception\Chain\{closure}(Object(Magento\Framework\App\Request\Http))
#50 D:\xampp\htdocs\remindedofyou\vendor\magento\framework\Interception\Chain\Chain.php(67): Magento\PageCache\Model\App\FrontController\VarnishPlugin->aroundDispatch(Object(Magento\Framework\App\FrontController\Interceptor), Object(Closure), Object(Magento\Framework\App\Request\Http))
#51 D:\xampp\htdocs\remindedofyou\vendor\magento\framework\Interception\Interceptor.php(138): Magento\Framework\Interception\Chain\Chain->invokeNext('Magento\\Framewo...', 'dispatch', Object(Magento\Framework\App\FrontController\Interceptor), Array, 'front-controlle...')
#52 D:\xampp\htdocs\remindedofyou\vendor\magento\module-page-cache\Model\App\FrontController\BuiltinPlugin.php(73): Magento\Framework\App\FrontController\Interceptor->Magento\Framework\Interception\{closure}(Object(Magento\Framework\App\Request\Http))
#53 D:\xampp\htdocs\remindedofyou\vendor\magento\framework\Interception\Interceptor.php(142): Magento\PageCache\Model\App\FrontController\BuiltinPlugin->aroundDispatch(Object(Magento\Framework\App\FrontController\Interceptor), Object(Closure), Object(Magento\Framework\App\Request\Http))
#54 D:\xampp\htdocs\remindedofyou\var\generation\Magento\Framework\App\FrontController\Interceptor.php(26): Magento\Framework\App\FrontController\Interceptor->___callPlugins('dispatch', Array, Array)
#55 D:\xampp\htdocs\remindedofyou\vendor\magento\framework\App\Http.php(135): Magento\Framework\App\FrontController\Interceptor->dispatch(Object(Magento\Framework\App\Request\Http))
#56 D:\xampp\htdocs\remindedofyou\vendor\magento\framework\App\Bootstrap.php(258): Magento\Framework\App\Http->launch()
#57 D:\xampp\htdocs\remindedofyou\index.php(39): Magento\Framework\App\Bootstrap->run(Object(Magento\Framework\App\Http))
#58 {main} [] []
[2018-06-26 11:22:26] main.CRITICAL: Zend_Mail_Transport_Exception: Unable to send mail. mail(): Failed to connect to mailserver at &quot;localhost&quot; port 25, verify your &quot;SMTP&quot; and &quot;smtp_port&quot; setting in php.ini or use ini_set() in D:\xampp\htdocs\remindedofyou\vendor\magento\zendframework1\library\Zend\Mail\Transport\Sendmail.php:111
Stack trace:
#0 D:\xampp\htdocs\remindedofyou\vendor\magento\zendframework1\library\Zend\Mail\Transport\Abstract.php(348): Zend_Mail_Transport_Sendmail->_sendMail()
#1 D:\xampp\htdocs\remindedofyou\vendor\magento\framework\Mail\Transport.php(39): Zend_Mail_Transport_Abstract->send(Object(Magento\Framework\Mail\Message))
#2 D:\xampp\htdocs\remindedofyou\vendor\magento\framework\Interception\Interceptor.php(74): Magento\Framework\Mail\Transport->sendMessage()
#3 D:\xampp\htdocs\remindedofyou\vendor\magento\framework\Interception\Chain\Chain.php(70): Magento\Framework\Mail\Transport\Interceptor->___callParent('sendMessage', Array)
#4 D:\xampp\htdocs\remindedofyou\vendor\magento\framework\Interception\Chain\Chain.php(63): Magento\Framework\Interception\Chain\Chain->invokeNext('Magento\\Framewo...', 'sendMessage', Object(Magento\Framework\Mail\Transport\Interceptor), Array, 'disableSending')
#5 D:\xampp\htdocs\remindedofyou\vendor\magento\module-email\Model\Plugin\TransportInterfacePlugin.php(54): Magento\Framework\Interception\Chain\Chain->Magento\Framework\Interception\Chain\{closure}()
#6 D:\xampp\htdocs\remindedofyou\vendor\magento\framework\Interception\Chain\Chain.php(67): Magento\Email\Model\Plugin\TransportInterfacePlugin->aroundSendMessage(Object(Magento\Framework\Mail\Transport\Interceptor), Object(Closure))
#7 D:\xampp\htdocs\remindedofyou\vendor\magento\framework\Interception\Interceptor.php(138): Magento\Framework\Interception\Chain\Chain->invokeNext('Magento\\Framewo...', 'sendMessage', Object(Magento\Framework\Mail\Transport\Interceptor), Array, 'customer-sample...')
#8 D:\xampp\htdocs\remindedofyou\vendor\magento\module-customer-sample-data\Magento\Framework\Mail\Transport\MailPlugin.php(32): Magento\Framework\Mail\Transport\Interceptor->Magento\Framework\Interception\{closure}()
#9 D:\xampp\htdocs\remindedofyou\vendor\magento\framework\Interception\Interceptor.php(142): Magento\CustomerSampleData\Magento\Framework\Mail\Transport\MailPlugin->aroundSendMessage(Object(Magento\Framework\Mail\Transport\Interceptor), Object(Closure))
#10 D:\xampp\htdocs\remindedofyou\var\generation\Magento\Framework\Mail\Transport\Interceptor.php(26): Magento\Framework\Mail\Transport\Interceptor->___callPlugins('sendMessage', Array, Array)
#11 D:\xampp\htdocs\remindedofyou\vendor\magento\module-customer\Model\EmailNotification.php(240): Magento\Framework\Mail\Transport\Interceptor->sendMessage()
#12 D:\xampp\htdocs\remindedofyou\vendor\magento\module-customer\Model\EmailNotification.php(363): Magento\Customer\Model\EmailNotification->sendEmailTemplate(Object(Magento\Customer\Model\Data\Customer), 'customer/create...', 'customer/create...', Array, 1)
#13 D:\xampp\htdocs\remindedofyou\vendor\magento\module-customer\Model\AccountManagement.php(823): Magento\Customer\Model\EmailNotification->newAccount(Object(Magento\Customer\Model\Data\Customer), 'confirmation', 'http://127.0.0....', 1)
#14 D:\xampp\htdocs\remindedofyou\vendor\magento\module-customer\Model\AccountManagement.php(783): Magento\Customer\Model\AccountManagement->sendEmailConfirmation(Object(Magento\Customer\Model\Data\Customer), 'http://127.0.0....')
#15 D:\xampp\htdocs\remindedofyou\var\generation\Magento\Customer\Model\AccountManagement\Interceptor.php(141): Magento\Customer\Model\AccountManagement->createAccountWithPasswordHash(Object(Magento\Customer\Model\Data\Customer), 'a80936ceea2e055...', 'http://127.0.0....')
#16 D:\xampp\htdocs\remindedofyou\vendor\magento\module-customer\Model\AccountManagement.php(708): Magento\Customer\Model\AccountManagement\Interceptor->createAccountWithPasswordHash(Object(Magento\Customer\Model\Data\Customer), 'a80936ceea2e055...', 'http://127.0.0....')
#17 D:\xampp\htdocs\remindedofyou\var\generation\Magento\Customer\Model\AccountManagement\Interceptor.php(128): Magento\Customer\Model\AccountManagement->createAccount(Object(Magento\Customer\Model\Data\Customer), 'Ariel152', 'http://127.0.0....')
#18 D:\xampp\htdocs\remindedofyou\vendor\magento\module-customer\Controller\Account\CreatePost.php(290): Magento\Customer\Model\AccountManagement\Interceptor->createAccount(Object(Magento\Customer\Model\Data\Customer), 'Ariel152', 'http://127.0.0....')
#19 D:\xampp\htdocs\remindedofyou\vendor\magento\framework\App\Action\Action.php(102): Magento\Customer\Controller\Account\CreatePost->execute()
#20 D:\xampp\htdocs\remindedofyou\vendor\magento\framework\Interception\Interceptor.php(74): Magento\Framework\App\Action\Action->dispatch(Object(Magento\Framework\App\Request\Http))
#21 D:\xampp\htdocs\remindedofyou\vendor\magento\framework\Interception\Chain\Chain.php(70): Magento\Customer\Controller\Account\CreatePost\Interceptor->___callParent('dispatch', Array)
#22 D:\xampp\htdocs\remindedofyou\vendor\magento\framework\Interception\Chain\Chain.php(63): Magento\Framework\Interception\Chain\Chain->invokeNext('Magento\\Custome...', 'dispatch', Object(Magento\Customer\Controller\Account\CreatePost\Interceptor), Array, 'contextPlugin')
#23 D:\xampp\htdocs\remindedofyou\vendor\magento\module-store\App\Action\Plugin\Context.php(106): Magento\Framework\Interception\Chain\Chain->Magento\Framework\Interception\Chain\{closure}(Object(Magento\Framework\App\Request\Http))
#24 D:\xampp\htdocs\remindedofyou\vendor\magento\framework\Interception\Chain\Chain.php(67): Magento\Store\App\Action\Plugin\Context->aroundDispatch(Object(Magento\Customer\Controller\Account\CreatePost\Interceptor), Object(Closure), Object(Magento\Framework\App\Request\Http))
#25 D:\xampp\htdocs\remindedofyou\vendor\magento\framework\Interception\Chain\Chain.php(63): Magento\Framework\Interception\Chain\Chain->invokeNext('Magento\\Custome...', 'dispatch', Object(Magento\Customer\Controller\Account\CreatePost\Interceptor), Array, 'customer-app-ac...')
#26 D:\xampp\htdocs\remindedofyou\vendor\magento\module-customer\Model\App\Action\ContextPlugin.php(61): Magento\Framework\Interception\Chain\Chain->Magento\Framework\Interception\Chain\{closure}(Object(Magento\Framework\App\Request\Http))
#27 D:\xampp\htdocs\remindedofyou\vendor\magento\framework\Interception\Chain\Chain.php(67): Magento\Customer\Model\App\Action\ContextPlugin->aroundDispatch(Object(Magento\Customer\Controller\Account\CreatePost\Interceptor), Object(Closure), Object(Magento\Framework\App\Request\Http))
#28 D:\xampp\htdocs\remindedofyou\vendor\magento\framework\Interception\Chain\Chain.php(63): Magento\Framework\Interception\Chain\Chain->invokeNext('Magento\\Custome...', 'dispatch', Object(Magento\Customer\Controller\Account\CreatePost\Interceptor), Array, 'storeCheck')
#29 D:\xampp\htdocs\remindedofyou\vendor\magento\module-store\App\Action\Plugin\StoreCheck.php(44): Magento\Framework\Interception\Chain\Chain->Magento\Framework\Interception\Chain\{closure}(Object(Magento\Framework\App\Request\Http))
#30 D:\xampp\htdocs\remindedofyou\vendor\magento\framework\Interception\Chain\Chain.php(67): Magento\Store\App\Action\Plugin\StoreCheck->aroundDispatch(Object(Magento\Customer\Controller\Account\CreatePost\Interceptor), Object(Closure), Object(Magento\Framework\App\Request\Http))
#31 D:\xampp\htdocs\remindedofyou\vendor\magento\framework\Interception\Chain\Chain.php(63): Magento\Framework\Interception\Chain\Chain->invokeNext('Magento\\Custome...', 'dispatch', Object(Magento\Customer\Controller\Account\CreatePost\Interceptor), Array, 'customer_accoun...')
#32 D:\xampp\htdocs\remindedofyou\vendor\magento\module-customer\Controller\Plugin\Account.php(60): Magento\Framework\Interception\Chain\Chain->Magento\Framework\Interception\Chain\{closure}(Object(Magento\Framework\App\Request\Http))
#33 D:\xampp\htdocs\remindedofyou\vendor\magento\framework\Interception\Chain\Chain.php(67): Magento\Customer\Controller\Plugin\Account->aroundDispatch(Object(Magento\Customer\Controller\Account\CreatePost\Interceptor), Object(Closure), Object(Magento\Framework\App\Request\Http))
#34 D:\xampp\htdocs\remindedofyou\vendor\magento\framework\Interception\Chain\Chain.php(63): Magento\Framework\Interception\Chain\Chain->invokeNext('Magento\\Custome...', 'dispatch', Object(Magento\Customer\Controller\Account\CreatePost\Interceptor), Array, 'weee-app-action...')
#35 D:\xampp\htdocs\remindedofyou\vendor\magento\module-weee\Model\App\Action\ContextPlugin.php(112): Magento\Framework\Interception\Chain\Chain->Magento\Framework\Interception\Chain\{closure}(Object(Magento\Framework\App\Request\Http))
#36 D:\xampp\htdocs\remindedofyou\vendor\magento\framework\Interception\Chain\Chain.php(67): Magento\Weee\Model\App\Action\ContextPlugin->aroundDispatch(Object(Magento\Customer\Controller\Account\CreatePost\Interceptor), Object(Closure), Object(Magento\Framework\App\Request\Http))
#37 D:\xampp\htdocs\remindedofyou\vendor\magento\framework\Interception\Interceptor.php(138): Magento\Framework\Interception\Chain\Chain->invokeNext('Magento\\Custome...', 'dispatch', Object(Magento\Customer\Controller\Account\CreatePost\Interceptor), Array, 'tax-app-action-...')
#38 D:\xampp\htdocs\remindedofyou\vendor\magento\module-tax\Model\App\Action\ContextPlugin.php(91): Magento\Customer\Controller\Account\CreatePost\Interceptor->Magento\Framework\Interception\{closure}(Object(Magento\Framework\App\Request\Http))
#39 D:\xampp\htdocs\remindedofyou\vendor\magento\framework\Interception\Interceptor.php(142): Magento\Tax\Model\App\Action\ContextPlugin->aroundDispatch(Object(Magento\Customer\Controller\Account\CreatePost\Interceptor), Object(Closure), Object(Magento\Framework\App\Request\Http))
#40 D:\xampp\htdocs\remindedofyou\var\generation\Magento\Customer\Controller\Account\CreatePost\Interceptor.php(26): Magento\Customer\Controller\Account\CreatePost\Interceptor->___callPlugins('dispatch', Array, Array)
#41 D:\xampp\htdocs\remindedofyou\vendor\magento\framework\App\FrontController.php(55): Magento\Customer\Controller\Account\CreatePost\Interceptor->dispatch(Object(Magento\Framework\App\Request\Http))
#42 D:\xampp\htdocs\remindedofyou\vendor\magento\framework\Interception\Interceptor.php(74): Magento\Framework\App\FrontController->dispatch(Object(Magento\Framework\App\Request\Http))
#43 D:\xampp\htdocs\remindedofyou\vendor\magento\framework\Interception\Chain\Chain.php(70): Magento\Framework\App\FrontController\Interceptor->___callParent('dispatch', Array)
#44 D:\xampp\htdocs\remindedofyou\vendor\magento\framework\Interception\Chain\Chain.php(63): Magento\Framework\Interception\Chain\Chain->invokeNext('Magento\\Framewo...', 'dispatch', Object(Magento\Framework\App\FrontController\Interceptor), Array, 'requestPreproce...')
#45 D:\xampp\htdocs\remindedofyou\vendor\magento\module-store\App\FrontController\Plugin\RequestPreprocessor.php(94): Magento\Framework\Interception\Chain\Chain->Magento\Framework\Interception\Chain\{closure}(Object(Magento\Framework\App\Request\Http))
#46 D:\xampp\htdocs\remindedofyou\vendor\magento\framework\Interception\Chain\Chain.php(67): Magento\Store\App\FrontController\Plugin\RequestPreprocessor->aroundDispatch(Object(Magento\Framework\App\FrontController\Interceptor), Object(Closure), Object(Magento\Framework\App\Request\Http))
#47 D:\xampp\htdocs\remindedofyou\vendor\magento\framework\Interception\Chain\Chain.php(63): Magento\Framework\Interception\Chain\Chain->invokeNext('Magento\\Framewo...', 'dispatch', Object(Magento\Framework\App\FrontController\Interceptor), Array, 'install')
#48 D:\xampp\htdocs\remindedofyou\vendor\magento\framework\Module\Plugin\DbStatusValidator.php(69): Magento\Framework\Interception\Chain\Chain->Magento\Framework\Interception\Chain\{closure}(Object(Magento\Framework\App\Request\Http))
#49 D:\xampp\htdocs\remindedofyou\vendor\magento\framework\Interception\Chain\Chain.php(67): Magento\Framework\Module\Plugin\DbStatusValidator->aroundDispatch(Object(Magento\Framework\App\FrontController\Interceptor), Object(Closure), Object(Magento\Framework\App\Request\Http))
#50 D:\xampp\htdocs\remindedofyou\vendor\magento\framework\Interception\Chain\Chain.php(63): Magento\Framework\Interception\Chain\Chain->invokeNext('Magento\\Framewo...', 'dispatch', Object(Magento\Framework\App\FrontController\Interceptor), Array, 'front-controlle...')
#51 D:\xampp\htdocs\remindedofyou\vendor\magento\module-page-cache\Model\App\FrontController\VarnishPlugin.php(55): Magento\Framework\Interception\Chain\Chain->Magento\Framework\Interception\Chain\{closure}(Object(Magento\Framework\App\Request\Http))
#52 D:\xampp\htdocs\remindedofyou\vendor\magento\framework\Interception\Chain\Chain.php(67): Magento\PageCache\Model\App\FrontController\VarnishPlugin->aroundDispatch(Object(Magento\Framework\App\FrontController\Interceptor), Object(Closure), Object(Magento\Framework\App\Request\Http))
#53 D:\xampp\htdocs\remindedofyou\vendor\magento\framework\Interception\Interceptor.php(138): Magento\Framework\Interception\Chain\Chain->invokeNext('Magento\\Framewo...', 'dispatch', Object(Magento\Framework\App\FrontController\Interceptor), Array, 'front-controlle...')
#54 D:\xampp\htdocs\remindedofyou\vendor\magento\module-page-cache\Model\App\FrontController\BuiltinPlugin.php(73): Magento\Framework\App\FrontController\Interceptor->Magento\Framework\Interception\{closure}(Object(Magento\Framework\App\Request\Http))
#55 D:\xampp\htdocs\remindedofyou\vendor\magento\framework\Interception\Interceptor.php(142): Magento\PageCache\Model\App\FrontController\BuiltinPlugin->aroundDispatch(Object(Magento\Framework\App\FrontController\Interceptor), Object(Closure), Object(Magento\Framework\App\Request\Http))
#56 D:\xampp\htdocs\remindedofyou\var\generation\Magento\Framework\App\FrontController\Interceptor.php(26): Magento\Framework\App\FrontController\Interceptor->___callPlugins('dispatch', Array, Array)
#57 D:\xampp\htdocs\remindedofyou\vendor\magento\framework\App\Http.php(135): Magento\Framework\App\FrontController\Interceptor->dispatch(Object(Magento\Framework\App\Request\Http))
#58 D:\xampp\htdocs\remindedofyou\vendor\magento\framework\App\Bootstrap.php(258): Magento\Framework\App\Http->launch()
#59 D:\xampp\htdocs\remindedofyou\index.php(39): Magento\Framework\App\Bootstrap->run(Object(Magento\Framework\App\Http))
#60 {main}

Next Magento\Framework\Exception\MailException: Unable to send mail. mail(): Failed to connect to mailserver at &quot;localhost&quot; port 25, verify your &quot;SMTP&quot; and &quot;smtp_port&quot; setting in php.ini or use ini_set() in D:\xampp\htdocs\remindedofyou\vendor\magento\framework\Mail\Transport.php:41
Stack trace:
#0 D:\xampp\htdocs\remindedofyou\vendor\magento\framework\Interception\Interceptor.php(74): Magento\Framework\Mail\Transport->sendMessage()
#1 D:\xampp\htdocs\remindedofyou\vendor\magento\framework\Interception\Chain\Chain.php(70): Magento\Framework\Mail\Transport\Interceptor->___callParent('sendMessage', Array)
#2 D:\xampp\htdocs\remindedofyou\vendor\magento\framework\Interception\Chain\Chain.php(63): Magento\Framework\Interception\Chain\Chain->invokeNext('Magento\\Framewo...', 'sendMessage', Object(Magento\Framework\Mail\Transport\Interceptor), Array, 'disableSending')
#3 D:\xampp\htdocs\remindedofyou\vendor\magento\module-email\Model\Plugin\TransportInterfacePlugin.php(54): Magento\Framework\Interception\Chain\Chain->Magento\Framework\Interception\Chain\{closure}()
#4 D:\xampp\htdocs\remindedofyou\vendor\magento\framework\Interception\Chain\Chain.php(67): Magento\Email\Model\Plugin\TransportInterfacePlugin->aroundSendMessage(Object(Magento\Framework\Mail\Transport\Interceptor), Object(Closure))
#5 D:\xampp\htdocs\remindedofyou\vendor\magento\framework\Interception\Interceptor.php(138): Magento\Framework\Interception\Chain\Chain->invokeNext('Magento\\Framewo...', 'sendMessage', Object(Magento\Framework\Mail\Transport\Interceptor), Array, 'customer-sample...')
#6 D:\xampp\htdocs\remindedofyou\vendor\magento\module-customer-sample-data\Magento\Framework\Mail\Transport\MailPlugin.php(32): Magento\Framework\Mail\Transport\Interceptor->Magento\Framework\Interception\{closure}()
#7 D:\xampp\htdocs\remindedofyou\vendor\magento\framework\Interception\Interceptor.php(142): Magento\CustomerSampleData\Magento\Framework\Mail\Transport\MailPlugin->aroundSendMessage(Object(Magento\Framework\Mail\Transport\Interceptor), Object(Closure))
#8 D:\xampp\htdocs\remindedofyou\var\generation\Magento\Framework\Mail\Transport\Interceptor.php(26): Magento\Framework\Mail\Transport\Interceptor->___callPlugins('sendMessage', Array, Array)
#9 D:\xampp\htdocs\remindedofyou\vendor\magento\module-customer\Model\EmailNotification.php(240): Magento\Framework\Mail\Transport\Interceptor->sendMessage()
#10 D:\xampp\htdocs\remindedofyou\vendor\magento\module-customer\Model\EmailNotification.php(363): Magento\Customer\Model\EmailNotification->sendEmailTemplate(Object(Magento\Customer\Model\Data\Customer), 'customer/create...', 'customer/create...', Array, 1)
#11 D:\xampp\htdocs\remindedofyou\vendor\magento\module-customer\Model\AccountManagement.php(823): Magento\Customer\Model\EmailNotification->newAccount(Object(Magento\Customer\Model\Data\Customer), 'confirmation', 'http://127.0.0....', 1)
#12 D:\xampp\htdocs\remindedofyou\vendor\magento\module-customer\Model\AccountManagement.php(783): Magento\Customer\Model\AccountManagement->sendEmailConfirmation(Object(Magento\Customer\Model\Data\Customer), 'http://127.0.0....')
#13 D:\xampp\htdocs\remindedofyou\var\generation\Magento\Customer\Model\AccountManagement\Interceptor.php(141): Magento\Customer\Model\AccountManagement->createAccountWithPasswordHash(Object(Magento\Customer\Model\Data\Customer), 'a80936ceea2e055...', 'http://127.0.0....')
#14 D:\xampp\htdocs\remindedofyou\vendor\magento\module-customer\Model\AccountManagement.php(708): Magento\Customer\Model\AccountManagement\Interceptor->createAccountWithPasswordHash(Object(Magento\Customer\Model\Data\Customer), 'a80936ceea2e055...', 'http://127.0.0....')
#15 D:\xampp\htdocs\remindedofyou\var\generation\Magento\Customer\Model\AccountManagement\Interceptor.php(128): Magento\Customer\Model\AccountManagement->createAccount(Object(Magento\Customer\Model\Data\Customer), 'Ariel152', 'http://127.0.0....')
#16 D:\xampp\htdocs\remindedofyou\vendor\magento\module-customer\Controller\Account\CreatePost.php(290): Magento\Customer\Model\AccountManagement\Interceptor->createAccount(Object(Magento\Customer\Model\Data\Customer), 'Ariel152', 'http://127.0.0....')
#17 D:\xampp\htdocs\remindedofyou\vendor\magento\framework\App\Action\Action.php(102): Magento\Customer\Controller\Account\CreatePost->execute()
#18 D:\xampp\htdocs\remindedofyou\vendor\magento\framework\Interception\Interceptor.php(74): Magento\Framework\App\Action\Action->dispatch(Object(Magento\Framework\App\Request\Http))
#19 D:\xampp\htdocs\remindedofyou\vendor\magento\framework\Interception\Chain\Chain.php(70): Magento\Customer\Controller\Account\CreatePost\Interceptor->___callParent('dispatch', Array)
#20 D:\xampp\htdocs\remindedofyou\vendor\magento\framework\Interception\Chain\Chain.php(63): Magento\Framework\Interception\Chain\Chain->invokeNext('Magento\\Custome...', 'dispatch', Object(Magento\Customer\Controller\Account\CreatePost\Interceptor), Array, 'contextPlugin')
#21 D:\xampp\htdocs\remindedofyou\vendor\magento\module-store\App\Action\Plugin\Context.php(106): Magento\Framework\Interception\Chain\Chain->Magento\Framework\Interception\Chain\{closure}(Object(Magento\Framework\App\Request\Http))
#22 D:\xampp\htdocs\remindedofyou\vendor\magento\framework\Interception\Chain\Chain.php(67): Magento\Store\App\Action\Plugin\Context->aroundDispatch(Object(Magento\Customer\Controller\Account\CreatePost\Interceptor), Object(Closure), Object(Magento\Framework\App\Request\Http))
#23 D:\xampp\htdocs\remindedofyou\vendor\magento\framework\Interception\Chain\Chain.php(63): Magento\Framework\Interception\Chain\Chain->invokeNext('Magento\\Custome...', 'dispatch', Object(Magento\Customer\Controller\Account\CreatePost\Interceptor), Array, 'customer-app-ac...')
#24 D:\xampp\htdocs\remindedofyou\vendor\magento\module-customer\Model\App\Action\ContextPlugin.php(61): Magento\Framework\Interception\Chain\Chain->Magento\Framework\Interception\Chain\{closure}(Object(Magento\Framework\App\Request\Http))
#25 D:\xampp\htdocs\remindedofyou\vendor\magento\framework\Interception\Chain\Chain.php(67): Magento\Customer\Model\App\Action\ContextPlugin->aroundDispatch(Object(Magento\Customer\Controller\Account\CreatePost\Interceptor), Object(Closure), Object(Magento\Framework\App\Request\Http))
#26 D:\xampp\htdocs\remindedofyou\vendor\magento\framework\Interception\Chain\Chain.php(63): Magento\Framework\Interception\Chain\Chain->invokeNext('Magento\\Custome...', 'dispatch', Object(Magento\Customer\Controller\Account\CreatePost\Interceptor), Array, 'storeCheck')
#27 D:\xampp\htdocs\remindedofyou\vendor\magento\module-store\App\Action\Plugin\StoreCheck.php(44): Magento\Framework\Interception\Chain\Chain->Magento\Framework\Interception\Chain\{closure}(Object(Magento\Framework\App\Request\Http))
#28 D:\xampp\htdocs\remindedofyou\vendor\magento\framework\Interception\Chain\Chain.php(67): Magento\Store\App\Action\Plugin\StoreCheck->aroundDispatch(Object(Magento\Customer\Controller\Account\CreatePost\Interceptor), Object(Closure), Object(Magento\Framework\App\Request\Http))
#29 D:\xampp\htdocs\remindedofyou\vendor\magento\framework\Interception\Chain\Chain.php(63): Magento\Framework\Interception\Chain\Chain->invokeNext('Magento\\Custome...', 'dispatch', Object(Magento\Customer\Controller\Account\CreatePost\Interceptor), Array, 'customer_accoun...')
#30 D:\xampp\htdocs\remindedofyou\vendor\magento\module-customer\Controller\Plugin\Account.php(60): Magento\Framework\Interception\Chain\Chain->Magento\Framework\Interception\Chain\{closure}(Object(Magento\Framework\App\Request\Http))
#31 D:\xampp\htdocs\remindedofyou\vendor\magento\framework\Interception\Chain\Chain.php(67): Magento\Customer\Controller\Plugin\Account->aroundDispatch(Object(Magento\Customer\Controller\Account\CreatePost\Interceptor), Object(Closure), Object(Magento\Framework\App\Request\Http))
#32 D:\xampp\htdocs\remindedofyou\vendor\magento\framework\Interception\Chain\Chain.php(63): Magento\Framework\Interception\Chain\Chain->invokeNext('Magento\\Custome...', 'dispatch', Object(Magento\Customer\Controller\Account\CreatePost\Interceptor), Array, 'weee-app-action...')
#33 D:\xampp\htdocs\remindedofyou\vendor\magento\module-weee\Model\App\Action\ContextPlugin.php(112): Magento\Framework\Interception\Chain\Chain->Magento\Framework\Interception\Chain\{closure}(Object(Magento\Framework\App\Request\Http))
#34 D:\xampp\htdocs\remindedofyou\vendor\magento\framework\Interception\Chain\Chain.php(67): Magento\Weee\Model\App\Action\ContextPlugin->aroundDispatch(Object(Magento\Customer\Controller\Account\CreatePost\Interceptor), Object(Closure), Object(Magento\Framework\App\Request\Http))
#35 D:\xampp\htdocs\remindedofyou\vendor\magento\framework\Interception\Interceptor.php(138): Magento\Framework\Interception\Chain\Chain->invokeNext('Magento\\Custome...', 'dispatch', Object(Magento\Customer\Controller\Account\CreatePost\Interceptor), Array, 'tax-app-action-...')
#36 D:\xampp\htdocs\remindedofyou\vendor\magento\module-tax\Model\App\Action\ContextPlugin.php(91): Magento\Customer\Controller\Account\CreatePost\Interceptor->Magento\Framework\Interception\{closure}(Object(Magento\Framework\App\Request\Http))
#37 D:\xampp\htdocs\remindedofyou\vendor\magento\framework\Interception\Interceptor.php(142): Magento\Tax\Model\App\Action\ContextPlugin->aroundDispatch(Object(Magento\Customer\Controller\Account\CreatePost\Interceptor), Object(Closure), Object(Magento\Framework\App\Request\Http))
#38 D:\xampp\htdocs\remindedofyou\var\generation\Magento\Customer\Controller\Account\CreatePost\Interceptor.php(26): Magento\Customer\Controller\Account\CreatePost\Interceptor->___callPlugins('dispatch', Array, Array)
#39 D:\xampp\htdocs\remindedofyou\vendor\magento\framework\App\FrontController.php(55): Magento\Customer\Controller\Account\CreatePost\Interceptor->dispatch(Object(Magento\Framework\App\Request\Http))
#40 D:\xampp\htdocs\remindedofyou\vendor\magento\framework\Interception\Interceptor.php(74): Magento\Framework\App\FrontController->dispatch(Object(Magento\Framework\App\Request\Http))
#41 D:\xampp\htdocs\remindedofyou\vendor\magento\framework\Interception\Chain\Chain.php(70): Magento\Framework\App\FrontController\Interceptor->___callParent('dispatch', Array)
#42 D:\xampp\htdocs\remindedofyou\vendor\magento\framework\Interception\Chain\Chain.php(63): Magento\Framework\Interception\Chain\Chain->invokeNext('Magento\\Framewo...', 'dispatch', Object(Magento\Framework\App\FrontController\Interceptor), Array, 'requestPreproce...')
#43 D:\xampp\htdocs\remindedofyou\vendor\magento\module-store\App\FrontController\Plugin\RequestPreprocessor.php(94): Magento\Framework\Interception\Chain\Chain->Magento\Framework\Interception\Chain\{closure}(Object(Magento\Framework\App\Request\Http))
#44 D:\xampp\htdocs\remindedofyou\vendor\magento\framework\Interception\Chain\Chain.php(67): Magento\Store\App\FrontController\Plugin\RequestPreprocessor->aroundDispatch(Object(Magento\Framework\App\FrontController\Interceptor), Object(Closure), Object(Magento\Framework\App\Request\Http))
#45 D:\xampp\htdocs\remindedofyou\vendor\magento\framework\Interception\Chain\Chain.php(63): Magento\Framework\Interception\Chain\Chain->invokeNext('Magento\\Framewo...', 'dispatch', Object(Magento\Framework\App\FrontController\Interceptor), Array, 'install')
#46 D:\xampp\htdocs\remindedofyou\vendor\magento\framework\Module\Plugin\DbStatusValidator.php(69): Magento\Framework\Interception\Chain\Chain->Magento\Framework\Interception\Chain\{closure}(Object(Magento\Framework\App\Request\Http))
#47 D:\xampp\htdocs\remindedofyou\vendor\magento\framework\Interception\Chain\Chain.php(67): Magento\Framework\Module\Plugin\DbStatusValidator->aroundDispatch(Object(Magento\Framework\App\FrontController\Interceptor), Object(Closure), Object(Magento\Framework\App\Request\Http))
#48 D:\xampp\htdocs\remindedofyou\vendor\magento\framework\Interception\Chain\Chain.php(63): Magento\Framework\Interception\Chain\Chain->invokeNext('Magento\\Framewo...', 'dispatch', Object(Magento\Framework\App\FrontController\Interceptor), Array, 'front-controlle...')
#49 D:\xampp\htdocs\remindedofyou\vendor\magento\module-page-cache\Model\App\FrontController\VarnishPlugin.php(55): Magento\Framework\Interception\Chain\Chain->Magento\Framework\Interception\Chain\{closure}(Object(Magento\Framework\App\Request\Http))
#50 D:\xampp\htdocs\remindedofyou\vendor\magento\framework\Interception\Chain\Chain.php(67): Magento\PageCache\Model\App\FrontController\VarnishPlugin->aroundDispatch(Object(Magento\Framework\App\FrontController\Interceptor), Object(Closure), Object(Magento\Framework\App\Request\Http))
#51 D:\xampp\htdocs\remindedofyou\vendor\magento\framework\Interception\Interceptor.php(138): Magento\Framework\Interception\Chain\Chain->invokeNext('Magento\\Framewo...', 'dispatch', Object(Magento\Framework\App\FrontController\Interceptor), Array, 'front-controlle...')
#52 D:\xampp\htdocs\remindedofyou\vendor\magento\module-page-cache\Model\App\FrontController\BuiltinPlugin.php(73): Magento\Framework\App\FrontController\Interceptor->Magento\Framework\Interception\{closure}(Object(Magento\Framework\App\Request\Http))
#53 D:\xampp\htdocs\remindedofyou\vendor\magento\framework\Interception\Interceptor.php(142): Magento\PageCache\Model\App\FrontController\BuiltinPlugin->aroundDispatch(Object(Magento\Framework\App\FrontController\Interceptor), Object(Closure), Object(Magento\Framework\App\Request\Http))
#54 D:\xampp\htdocs\remindedofyou\var\generation\Magento\Framework\App\FrontController\Interceptor.php(26): Magento\Framework\App\FrontController\Interceptor->___callPlugins('dispatch', Array, Array)
#55 D:\xampp\htdocs\remindedofyou\vendor\magento\framework\App\Http.php(135): Magento\Framework\App\FrontController\Interceptor->dispatch(Object(Magento\Framework\App\Request\Http))
#56 D:\xampp\htdocs\remindedofyou\vendor\magento\framework\App\Bootstrap.php(258): Magento\Framework\App\Http->launch()
#57 D:\xampp\htdocs\remindedofyou\index.php(39): Magento\Framework\App\Bootstrap->run(Object(Magento\Framework\App\Http))
#58 {main} [] []
[2018-06-26 11:34:39] main.CRITICAL: Zend_Mail_Transport_Exception: Unable to send mail. mail(): Failed to connect to mailserver at &quot;localhost&quot; port 25, verify your &quot;SMTP&quot; and &quot;smtp_port&quot; setting in php.ini or use ini_set() in D:\xampp\htdocs\remindedofyou\vendor\magento\zendframework1\library\Zend\Mail\Transport\Sendmail.php:111
Stack trace:
#0 D:\xampp\htdocs\remindedofyou\vendor\magento\zendframework1\library\Zend\Mail\Transport\Abstract.php(348): Zend_Mail_Transport_Sendmail->_sendMail()
#1 D:\xampp\htdocs\remindedofyou\vendor\magento\framework\Mail\Transport.php(39): Zend_Mail_Transport_Abstract->send(Object(Magento\Framework\Mail\Message))
#2 D:\xampp\htdocs\remindedofyou\vendor\magento\framework\Interception\Interceptor.php(74): Magento\Framework\Mail\Transport->sendMessage()
#3 D:\xampp\htdocs\remindedofyou\vendor\magento\framework\Interception\Chain\Chain.php(70): Magento\Framework\Mail\Transport\Interceptor->___callParent('sendMessage', Array)
#4 D:\xampp\htdocs\remindedofyou\vendor\magento\framework\Interception\Chain\Chain.php(63): Magento\Framework\Interception\Chain\Chain->invokeNext('Magento\\Framewo...', 'sendMessage', Object(Magento\Framework\Mail\Transport\Interceptor), Array, 'disableSending')
#5 D:\xampp\htdocs\remindedofyou\vendor\magento\module-email\Model\Plugin\TransportInterfacePlugin.php(54): Magento\Framework\Interception\Chain\Chain->Magento\Framework\Interception\Chain\{closure}()
#6 D:\xampp\htdocs\remindedofyou\vendor\magento\framework\Interception\Chain\Chain.php(67): Magento\Email\Model\Plugin\TransportInterfacePlugin->aroundSendMessage(Object(Magento\Framework\Mail\Transport\Interceptor), Object(Closure))
#7 D:\xampp\htdocs\remindedofyou\vendor\magento\framework\Interception\Interceptor.php(138): Magento\Framework\Interception\Chain\Chain->invokeNext('Magento\\Framewo...', 'sendMessage', Object(Magento\Framework\Mail\Transport\Interceptor), Array, 'customer-sample...')
#8 D:\xampp\htdocs\remindedofyou\vendor\magento\module-customer-sample-data\Magento\Framework\Mail\Transport\MailPlugin.php(32): Magento\Framework\Mail\Transport\Interceptor->Magento\Framework\Interception\{closure}()
#9 D:\xampp\htdocs\remindedofyou\vendor\magento\framework\Interception\Interceptor.php(142): Magento\CustomerSampleData\Magento\Framework\Mail\Transport\MailPlugin->aroundSendMessage(Object(Magento\Framework\Mail\Transport\Interceptor), Object(Closure))
#10 D:\xampp\htdocs\remindedofyou\var\generation\Magento\Framework\Mail\Transport\Interceptor.php(26): Magento\Framework\Mail\Transport\Interceptor->___callPlugins('sendMessage', Array, Array)
#11 D:\xampp\htdocs\remindedofyou\vendor\magento\module-customer\Model\EmailNotification.php(240): Magento\Framework\Mail\Transport\Interceptor->sendMessage()
#12 D:\xampp\htdocs\remindedofyou\vendor\magento\module-customer\Model\EmailNotification.php(363): Magento\Customer\Model\EmailNotification->sendEmailTemplate(Object(Magento\Customer\Model\Data\Customer), 'customer/create...', 'customer/create...', Array, 1)
#13 D:\xampp\htdocs\remindedofyou\vendor\magento\module-customer\Model\AccountManagement.php(823): Magento\Customer\Model\EmailNotification->newAccount(Object(Magento\Customer\Model\Data\Customer), 'registered', 'http://127.0.0....', 1)
#14 D:\xampp\htdocs\remindedofyou\vendor\magento\module-customer\Model\AccountManagement.php(783): Magento\Customer\Model\AccountManagement->sendEmailConfirmation(Object(Magento\Customer\Model\Data\Customer), 'http://127.0.0....')
#15 D:\xampp\htdocs\remindedofyou\var\generation\Magento\Customer\Model\AccountManagement\Interceptor.php(141): Magento\Customer\Model\AccountManagement->createAccountWithPasswordHash(Object(Magento\Customer\Model\Data\Customer), '720c9b3c8b35d09...', 'http://127.0.0....')
#16 D:\xampp\htdocs\remindedofyou\vendor\magento\module-customer\Model\AccountManagement.php(708): Magento\Customer\Model\AccountManagement\Interceptor->createAccountWithPasswordHash(Object(Magento\Customer\Model\Data\Customer), '720c9b3c8b35d09...', 'http://127.0.0....')
#17 D:\xampp\htdocs\remindedofyou\var\generation\Magento\Customer\Model\AccountManagement\Interceptor.php(128): Magento\Customer\Model\AccountManagement->createAccount(Object(Magento\Customer\Model\Data\Customer), 'Ariel152', 'http://127.0.0....')
#18 D:\xampp\htdocs\remindedofyou\vendor\magento\module-customer\Controller\Account\CreatePost.php(290): Magento\Customer\Model\AccountManagement\Interceptor->createAccount(Object(Magento\Customer\Model\Data\Customer), 'Ariel152', 'http://127.0.0....')
#19 D:\xampp\htdocs\remindedofyou\vendor\magento\framework\App\Action\Action.php(102): Magento\Customer\Controller\Account\CreatePost->execute()
#20 D:\xampp\htdocs\remindedofyou\vendor\magento\framework\Interception\Interceptor.php(74): Magento\Framework\App\Action\Action->dispatch(Object(Magento\Framework\App\Request\Http))
#21 D:\xampp\htdocs\remindedofyou\vendor\magento\framework\Interception\Chain\Chain.php(70): Magento\Customer\Controller\Account\CreatePost\Interceptor->___callParent('dispatch', Array)
#22 D:\xampp\htdocs\remindedofyou\vendor\magento\framework\Interception\Chain\Chain.php(63): Magento\Framework\Interception\Chain\Chain->invokeNext('Magento\\Custome...', 'dispatch', Object(Magento\Customer\Controller\Account\CreatePost\Interceptor), Array, 'contextPlugin')
#23 D:\xampp\htdocs\remindedofyou\vendor\magento\module-store\App\Action\Plugin\Context.php(106): Magento\Framework\Interception\Chain\Chain->Magento\Framework\Interception\Chain\{closure}(Object(Magento\Framework\App\Request\Http))
#24 D:\xampp\htdocs\remindedofyou\vendor\magento\framework\Interception\Chain\Chain.php(67): Magento\Store\App\Action\Plugin\Context->aroundDispatch(Object(Magento\Customer\Controller\Account\CreatePost\Interceptor), Object(Closure), Object(Magento\Framework\App\Request\Http))
#25 D:\xampp\htdocs\remindedofyou\vendor\magento\framework\Interception\Chain\Chain.php(63): Magento\Framework\Interception\Chain\Chain->invokeNext('Magento\\Custome...', 'dispatch', Object(Magento\Customer\Controller\Account\CreatePost\Interceptor), Array, 'customer-app-ac...')
#26 D:\xampp\htdocs\remindedofyou\vendor\magento\module-customer\Model\App\Action\ContextPlugin.php(61): Magento\Framework\Interception\Chain\Chain->Magento\Framework\Interception\Chain\{closure}(Object(Magento\Framework\App\Request\Http))
#27 D:\xampp\htdocs\remindedofyou\vendor\magento\framework\Interception\Chain\Chain.php(67): Magento\Customer\Model\App\Action\ContextPlugin->aroundDispatch(Object(Magento\Customer\Controller\Account\CreatePost\Interceptor), Object(Closure), Object(Magento\Framework\App\Request\Http))
#28 D:\xampp\htdocs\remindedofyou\vendor\magento\framework\Interception\Chain\Chain.php(63): Magento\Framework\Interception\Chain\Chain->invokeNext('Magento\\Custome...', 'dispatch', Object(Magento\Customer\Controller\Account\CreatePost\Interceptor), Array, 'storeCheck')
#29 D:\xampp\htdocs\remindedofyou\vendor\magento\module-store\App\Action\Plugin\StoreCheck.php(44): Magento\Framework\Interception\Chain\Chain->Magento\Framework\Interception\Chain\{closure}(Object(Magento\Framework\App\Request\Http))
#30 D:\xampp\htdocs\remindedofyou\vendor\magento\framework\Interception\Chain\Chain.php(67): Magento\Store\App\Action\Plugin\StoreCheck->aroundDispatch(Object(Magento\Customer\Controller\Account\CreatePost\Interceptor), Object(Closure), Object(Magento\Framework\App\Request\Http))
#31 D:\xampp\htdocs\remindedofyou\vendor\magento\framework\Interception\Chain\Chain.php(63): Magento\Framework\Interception\Chain\Chain->invokeNext('Magento\\Custome...', 'dispatch', Object(Magento\Customer\Controller\Account\CreatePost\Interceptor), Array, 'customer_accoun...')
#32 D:\xampp\htdocs\remindedofyou\vendor\magento\module-customer\Controller\Plugin\Account.php(60): Magento\Framework\Interception\Chain\Chain->Magento\Framework\Interception\Chain\{closure}(Object(Magento\Framework\App\Request\Http))
#33 D:\xampp\htdocs\remindedofyou\vendor\magento\framework\Interception\Chain\Chain.php(67): Magento\Customer\Controller\Plugin\Account->aroundDispatch(Object(Magento\Customer\Controller\Account\CreatePost\Interceptor), Object(Closure), Object(Magento\Framework\App\Request\Http))
#34 D:\xampp\htdocs\remindedofyou\vendor\magento\framework\Interception\Chain\Chain.php(63): Magento\Framework\Interception\Chain\Chain->invokeNext('Magento\\Custome...', 'dispatch', Object(Magento\Customer\Controller\Account\CreatePost\Interceptor), Array, 'weee-app-action...')
#35 D:\xampp\htdocs\remindedofyou\vendor\magento\module-weee\Model\App\Action\ContextPlugin.php(112): Magento\Framework\Interception\Chain\Chain->Magento\Framework\Interception\Chain\{closure}(Object(Magento\Framework\App\Request\Http))
#36 D:\xampp\htdocs\remindedofyou\vendor\magento\framework\Interception\Chain\Chain.php(67): Magento\Weee\Model\App\Action\ContextPlugin->aroundDispatch(Object(Magento\Customer\Controller\Account\CreatePost\Interceptor), Object(Closure), Object(Magento\Framework\App\Request\Http))
#37 D:\xampp\htdocs\remindedofyou\vendor\magento\framework\Interception\Interceptor.php(138): Magento\Framework\Interception\Chain\Chain->invokeNext('Magento\\Custome...', 'dispatch', Object(Magento\Customer\Controller\Account\CreatePost\Interceptor), Array, 'tax-app-action-...')
#38 D:\xampp\htdocs\remindedofyou\vendor\magento\module-tax\Model\App\Action\ContextPlugin.php(91): Magento\Customer\Controller\Account\CreatePost\Interceptor->Magento\Framework\Interception\{closure}(Object(Magento\Framework\App\Request\Http))
#39 D:\xampp\htdocs\remindedofyou\vendor\magento\framework\Interception\Interceptor.php(142): Magento\Tax\Model\App\Action\ContextPlugin->aroundDispatch(Object(Magento\Customer\Controller\Account\CreatePost\Interceptor), Object(Closure), Object(Magento\Framework\App\Request\Http))
#40 D:\xampp\htdocs\remindedofyou\var\generation\Magento\Customer\Controller\Account\CreatePost\Interceptor.php(26): Magento\Customer\Controller\Account\CreatePost\Interceptor->___callPlugins('dispatch', Array, Array)
#41 D:\xampp\htdocs\remindedofyou\vendor\magento\framework\App\FrontController.php(55): Magento\Customer\Controller\Account\CreatePost\Interceptor->dispatch(Object(Magento\Framework\App\Request\Http))
#42 D:\xampp\htdocs\remindedofyou\vendor\magento\framework\Interception\Interceptor.php(74): Magento\Framework\App\FrontController->dispatch(Object(Magento\Framework\App\Request\Http))
#43 D:\xampp\htdocs\remindedofyou\vendor\magento\framework\Interception\Chain\Chain.php(70): Magento\Framework\App\FrontController\Interceptor->___callParent('dispatch', Array)
#44 D:\xampp\htdocs\remindedofyou\vendor\magento\framework\Interception\Chain\Chain.php(63): Magento\Framework\Interception\Chain\Chain->invokeNext('Magento\\Framewo...', 'dispatch', Object(Magento\Framework\App\FrontController\Interceptor), Array, 'requestPreproce...')
#45 D:\xampp\htdocs\remindedofyou\vendor\magento\module-store\App\FrontController\Plugin\RequestPreprocessor.php(94): Magento\Framework\Interception\Chain\Chain->Magento\Framework\Interception\Chain\{closure}(Object(Magento\Framework\App\Request\Http))
#46 D:\xampp\htdocs\remindedofyou\vendor\magento\framework\Interception\Chain\Chain.php(67): Magento\Store\App\FrontController\Plugin\RequestPreprocessor->aroundDispatch(Object(Magento\Framework\App\FrontController\Interceptor), Object(Closure), Object(Magento\Framework\App\Request\Http))
#47 D:\xampp\htdocs\remindedofyou\vendor\magento\framework\Interception\Chain\Chain.php(63): Magento\Framework\Interception\Chain\Chain->invokeNext('Magento\\Framewo...', 'dispatch', Object(Magento\Framework\App\FrontController\Interceptor), Array, 'install')
#48 D:\xampp\htdocs\remindedofyou\vendor\magento\framework\Module\Plugin\DbStatusValidator.php(69): Magento\Framework\Interception\Chain\Chain->Magento\Framework\Interception\Chain\{closure}(Object(Magento\Framework\App\Request\Http))
#49 D:\xampp\htdocs\remindedofyou\vendor\magento\framework\Interception\Chain\Chain.php(67): Magento\Framework\Module\Plugin\DbStatusValidator->aroundDispatch(Object(Magento\Framework\App\FrontController\Interceptor), Object(Closure), Object(Magento\Framework\App\Request\Http))
#50 D:\xampp\htdocs\remindedofyou\vendor\magento\framework\Interception\Chain\Chain.php(63): Magento\Framework\Interception\Chain\Chain->invokeNext('Magento\\Framewo...', 'dispatch', Object(Magento\Framework\App\FrontController\Interceptor), Array, 'front-controlle...')
#51 D:\xampp\htdocs\remindedofyou\vendor\magento\module-page-cache\Model\App\FrontController\VarnishPlugin.php(55): Magento\Framework\Interception\Chain\Chain->Magento\Framework\Interception\Chain\{closure}(Object(Magento\Framework\App\Request\Http))
#52 D:\xampp\htdocs\remindedofyou\vendor\magento\framework\Interception\Chain\Chain.php(67): Magento\PageCache\Model\App\FrontController\VarnishPlugin->aroundDispatch(Object(Magento\Framework\App\FrontController\Interceptor), Object(Closure), Object(Magento\Framework\App\Request\Http))
#53 D:\xampp\htdocs\remindedofyou\vendor\magento\framework\Interception\Interceptor.php(138): Magento\Framework\Interception\Chain\Chain->invokeNext('Magento\\Framewo...', 'dispatch', Object(Magento\Framework\App\FrontController\Interceptor), Array, 'front-controlle...')
#54 D:\xampp\htdocs\remindedofyou\vendor\magento\module-page-cache\Model\App\FrontController\BuiltinPlugin.php(73): Magento\Framework\App\FrontController\Interceptor->Magento\Framework\Interception\{closure}(Object(Magento\Framework\App\Request\Http))
#55 D:\xampp\htdocs\remindedofyou\vendor\magento\framework\Interception\Interceptor.php(142): Magento\PageCache\Model\App\FrontController\BuiltinPlugin->aroundDispatch(Object(Magento\Framework\App\FrontController\Interceptor), Object(Closure), Object(Magento\Framework\App\Request\Http))
#56 D:\xampp\htdocs\remindedofyou\var\generation\Magento\Framework\App\FrontController\Interceptor.php(26): Magento\Framework\App\FrontController\Interceptor->___callPlugins('dispatch', Array, Array)
#57 D:\xampp\htdocs\remindedofyou\vendor\magento\framework\App\Http.php(135): Magento\Framework\App\FrontController\Interceptor->dispatch(Object(Magento\Framework\App\Request\Http))
#58 D:\xampp\htdocs\remindedofyou\vendor\magento\framework\App\Bootstrap.php(258): Magento\Framework\App\Http->launch()
#59 D:\xampp\htdocs\remindedofyou\index.php(39): Magento\Framework\App\Bootstrap->run(Object(Magento\Framework\App\Http))
#60 {main}

Next Magento\Framework\Exception\MailException: Unable to send mail. mail(): Failed to connect to mailserver at &quot;localhost&quot; port 25, verify your &quot;SMTP&quot; and &quot;smtp_port&quot; setting in php.ini or use ini_set() in D:\xampp\htdocs\remindedofyou\vendor\magento\framework\Mail\Transport.php:41
Stack trace:
#0 D:\xampp\htdocs\remindedofyou\vendor\magento\framework\Interception\Interceptor.php(74): Magento\Framework\Mail\Transport->sendMessage()
#1 D:\xampp\htdocs\remindedofyou\vendor\magento\framework\Interception\Chain\Chain.php(70): Magento\Framework\Mail\Transport\Interceptor->___callParent('sendMessage', Array)
#2 D:\xampp\htdocs\remindedofyou\vendor\magento\framework\Interception\Chain\Chain.php(63): Magento\Framework\Interception\Chain\Chain->invokeNext('Magento\\Framewo...', 'sendMessage', Object(Magento\Framework\Mail\Transport\Interceptor), Array, 'disableSending')
#3 D:\xampp\htdocs\remindedofyou\vendor\magento\module-email\Model\Plugin\TransportInterfacePlugin.php(54): Magento\Framework\Interception\Chain\Chain->Magento\Framework\Interception\Chain\{closure}()
#4 D:\xampp\htdocs\remindedofyou\vendor\magento\framework\Interception\Chain\Chain.php(67): Magento\Email\Model\Plugin\TransportInterfacePlugin->aroundSendMessage(Object(Magento\Framework\Mail\Transport\Interceptor), Object(Closure))
#5 D:\xampp\htdocs\remindedofyou\vendor\magento\framework\Interception\Interceptor.php(138): Magento\Framework\Interception\Chain\Chain->invokeNext('Magento\\Framewo...', 'sendMessage', Object(Magento\Framework\Mail\Transport\Interceptor), Array, 'customer-sample...')
#6 D:\xampp\htdocs\remindedofyou\vendor\magento\module-customer-sample-data\Magento\Framework\Mail\Transport\MailPlugin.php(32): Magento\Framework\Mail\Transport\Interceptor->Magento\Framework\Interception\{closure}()
#7 D:\xampp\htdocs\remindedofyou\vendor\magento\framework\Interception\Interceptor.php(142): Magento\CustomerSampleData\Magento\Framework\Mail\Transport\MailPlugin->aroundSendMessage(Object(Magento\Framework\Mail\Transport\Interceptor), Object(Closure))
#8 D:\xampp\htdocs\remindedofyou\var\generation\Magento\Framework\Mail\Transport\Interceptor.php(26): Magento\Framework\Mail\Transport\Interceptor->___callPlugins('sendMessage', Array, Array)
#9 D:\xampp\htdocs\remindedofyou\vendor\magento\module-customer\Model\EmailNotification.php(240): Magento\Framework\Mail\Transport\Interceptor->sendMessage()
#10 D:\xampp\htdocs\remindedofyou\vendor\magento\module-customer\Model\EmailNotification.php(363): Magento\Customer\Model\EmailNotification->sendEmailTemplate(Object(Magento\Customer\Model\Data\Customer), 'customer/create...', 'customer/create...', Array, 1)
#11 D:\xampp\htdocs\remindedofyou\vendor\magento\module-customer\Model\AccountManagement.php(823): Magento\Customer\Model\EmailNotification->newAccount(Object(Magento\Customer\Model\Data\Customer), 'registered', 'http://127.0.0....', 1)
#12 D:\xampp\htdocs\remindedofyou\vendor\magento\module-customer\Model\AccountManagement.php(783): Magento\Customer\Model\AccountManagement->sendEmailConfirmation(Object(Magento\Customer\Model\Data\Customer), 'http://127.0.0....')
#13 D:\xampp\htdocs\remindedofyou\var\generation\Magento\Customer\Model\AccountManagement\Interceptor.php(141): Magento\Customer\Model\AccountManagement->createAccountWithPasswordHash(Object(Magento\Customer\Model\Data\Customer), '720c9b3c8b35d09...', 'http://127.0.0....')
#14 D:\xampp\htdocs\remindedofyou\vendor\magento\module-customer\Model\AccountManagement.php(708): Magento\Customer\Model\AccountManagement\Interceptor->createAccountWithPasswordHash(Object(Magento\Customer\Model\Data\Customer), '720c9b3c8b35d09...', 'http://127.0.0....')
#15 D:\xampp\htdocs\remindedofyou\var\generation\Magento\Customer\Model\AccountManagement\Interceptor.php(128): Magento\Customer\Model\AccountManagement->createAccount(Object(Magento\Customer\Model\Data\Customer), 'Ariel152', 'http://127.0.0....')
#16 D:\xampp\htdocs\remindedofyou\vendor\magento\module-customer\Controller\Account\CreatePost.php(290): Magento\Customer\Model\AccountManagement\Interceptor->createAccount(Object(Magento\Customer\Model\Data\Customer), 'Ariel152', 'http://127.0.0....')
#17 D:\xampp\htdocs\remindedofyou\vendor\magento\framework\App\Action\Action.php(102): Magento\Customer\Controller\Account\CreatePost->execute()
#18 D:\xampp\htdocs\remindedofyou\vendor\magento\framework\Interception\Interceptor.php(74): Magento\Framework\App\Action\Action->dispatch(Object(Magento\Framework\App\Request\Http))
#19 D:\xampp\htdocs\remindedofyou\vendor\magento\framework\Interception\Chain\Chain.php(70): Magento\Customer\Controller\Account\CreatePost\Interceptor->___callParent('dispatch', Array)
#20 D:\xampp\htdocs\remindedofyou\vendor\magento\framework\Interception\Chain\Chain.php(63): Magento\Framework\Interception\Chain\Chain->invokeNext('Magento\\Custome...', 'dispatch', Object(Magento\Customer\Controller\Account\CreatePost\Interceptor), Array, 'contextPlugin')
#21 D:\xampp\htdocs\remindedofyou\vendor\magento\module-store\App\Action\Plugin\Context.php(106): Magento\Framework\Interception\Chain\Chain->Magento\Framework\Interception\Chain\{closure}(Object(Magento\Framework\App\Request\Http))
#22 D:\xampp\htdocs\remindedofyou\vendor\magento\framework\Interception\Chain\Chain.php(67): Magento\Store\App\Action\Plugin\Context->aroundDispatch(Object(Magento\Customer\Controller\Account\CreatePost\Interceptor), Object(Closure), Object(Magento\Framework\App\Request\Http))
#23 D:\xampp\htdocs\remindedofyou\vendor\magento\framework\Interception\Chain\Chain.php(63): Magento\Framework\Interception\Chain\Chain->invokeNext('Magento\\Custome...', 'dispatch', Object(Magento\Customer\Controller\Account\CreatePost\Interceptor), Array, 'customer-app-ac...')
#24 D:\xampp\htdocs\remindedofyou\vendor\magento\module-customer\Model\App\Action\ContextPlugin.php(61): Magento\Framework\Interception\Chain\Chain->Magento\Framework\Interception\Chain\{closure}(Object(Magento\Framework\App\Request\Http))
#25 D:\xampp\htdocs\remindedofyou\vendor\magento\framework\Interception\Chain\Chain.php(67): Magento\Customer\Model\App\Action\ContextPlugin->aroundDispatch(Object(Magento\Customer\Controller\Account\CreatePost\Interceptor), Object(Closure), Object(Magento\Framework\App\Request\Http))
#26 D:\xampp\htdocs\remindedofyou\vendor\magento\framework\Interception\Chain\Chain.php(63): Magento\Framework\Interception\Chain\Chain->invokeNext('Magento\\Custome...', 'dispatch', Object(Magento\Customer\Controller\Account\CreatePost\Interceptor), Array, 'storeCheck')
#27 D:\xampp\htdocs\remindedofyou\vendor\magento\module-store\App\Action\Plugin\StoreCheck.php(44): Magento\Framework\Interception\Chain\Chain->Magento\Framework\Interception\Chain\{closure}(Object(Magento\Framework\App\Request\Http))
#28 D:\xampp\htdocs\remindedofyou\vendor\magento\framework\Interception\Chain\Chain.php(67): Magento\Store\App\Action\Plugin\StoreCheck->aroundDispatch(Object(Magento\Customer\Controller\Account\CreatePost\Interceptor), Object(Closure), Object(Magento\Framework\App\Request\Http))
#29 D:\xampp\htdocs\remindedofyou\vendor\magento\framework\Interception\Chain\Chain.php(63): Magento\Framework\Interception\Chain\Chain->invokeNext('Magento\\Custome...', 'dispatch', Object(Magento\Customer\Controller\Account\CreatePost\Interceptor), Array, 'customer_accoun...')
#30 D:\xampp\htdocs\remindedofyou\vendor\magento\module-customer\Controller\Plugin\Account.php(60): Magento\Framework\Interception\Chain\Chain->Magento\Framework\Interception\Chain\{closure}(Object(Magento\Framework\App\Request\Http))
#31 D:\xampp\htdocs\remindedofyou\vendor\magento\framework\Interception\Chain\Chain.php(67): Magento\Customer\Controller\Plugin\Account->aroundDispatch(Object(Magento\Customer\Controller\Account\CreatePost\Interceptor), Object(Closure), Object(Magento\Framework\App\Request\Http))
#32 D:\xampp\htdocs\remindedofyou\vendor\magento\framework\Interception\Chain\Chain.php(63): Magento\Framework\Interception\Chain\Chain->invokeNext('Magento\\Custome...', 'dispatch', Object(Magento\Customer\Controller\Account\CreatePost\Interceptor), Array, 'weee-app-action...')
#33 D:\xampp\htdocs\remindedofyou\vendor\magento\module-weee\Model\App\Action\ContextPlugin.php(112): Magento\Framework\Interception\Chain\Chain->Magento\Framework\Interception\Chain\{closure}(Object(Magento\Framework\App\Request\Http))
#34 D:\xampp\htdocs\remindedofyou\vendor\magento\framework\Interception\Chain\Chain.php(67): Magento\Weee\Model\App\Action\ContextPlugin->aroundDispatch(Object(Magento\Customer\Controller\Account\CreatePost\Interceptor), Object(Closure), Object(Magento\Framework\App\Request\Http))
#35 D:\xampp\htdocs\remindedofyou\vendor\magento\framework\Interception\Interceptor.php(138): Magento\Framework\Interception\Chain\Chain->invokeNext('Magento\\Custome...', 'dispatch', Object(Magento\Customer\Controller\Account\CreatePost\Interceptor), Array, 'tax-app-action-...')
#36 D:\xampp\htdocs\remindedofyou\vendor\magento\module-tax\Model\App\Action\ContextPlugin.php(91): Magento\Customer\Controller\Account\CreatePost\Interceptor->Magento\Framework\Interception\{closure}(Object(Magento\Framework\App\Request\Http))
#37 D:\xampp\htdocs\remindedofyou\vendor\magento\framework\Interception\Interceptor.php(142): Magento\Tax\Model\App\Action\ContextPlugin->aroundDispatch(Object(Magento\Customer\Controller\Account\CreatePost\Interceptor), Object(Closure), Object(Magento\Framework\App\Request\Http))
#38 D:\xampp\htdocs\remindedofyou\var\generation\Magento\Customer\Controller\Account\CreatePost\Interceptor.php(26): Magento\Customer\Controller\Account\CreatePost\Interceptor->___callPlugins('dispatch', Array, Array)
#39 D:\xampp\htdocs\remindedofyou\vendor\magento\framework\App\FrontController.php(55): Magento\Customer\Controller\Account\CreatePost\Interceptor->dispatch(Object(Magento\Framework\App\Request\Http))
#40 D:\xampp\htdocs\remindedofyou\vendor\magento\framework\Interception\Interceptor.php(74): Magento\Framework\App\FrontController->dispatch(Object(Magento\Framework\App\Request\Http))
#41 D:\xampp\htdocs\remindedofyou\vendor\magento\framework\Interception\Chain\Chain.php(70): Magento\Framework\App\FrontController\Interceptor->___callParent('dispatch', Array)
#42 D:\xampp\htdocs\remindedofyou\vendor\magento\framework\Interception\Chain\Chain.php(63): Magento\Framework\Interception\Chain\Chain->invokeNext('Magento\\Framewo...', 'dispatch', Object(Magento\Framework\App\FrontController\Interceptor), Array, 'requestPreproce...')
#43 D:\xampp\htdocs\remindedofyou\vendor\magento\module-store\App\FrontController\Plugin\RequestPreprocessor.php(94): Magento\Framework\Interception\Chain\Chain->Magento\Framework\Interception\Chain\{closure}(Object(Magento\Framework\App\Request\Http))
#44 D:\xampp\htdocs\remindedofyou\vendor\magento\framework\Interception\Chain\Chain.php(67): Magento\Store\App\FrontController\Plugin\RequestPreprocessor->aroundDispatch(Object(Magento\Framework\App\FrontController\Interceptor), Object(Closure), Object(Magento\Framework\App\Request\Http))
#45 D:\xampp\htdocs\remindedofyou\vendor\magento\framework\Interception\Chain\Chain.php(63): Magento\Framework\Interception\Chain\Chain->invokeNext('Magento\\Framewo...', 'dispatch', Object(Magento\Framework\App\FrontController\Interceptor), Array, 'install')
#46 D:\xampp\htdocs\remindedofyou\vendor\magento\framework\Module\Plugin\DbStatusValidator.php(69): Magento\Framework\Interception\Chain\Chain->Magento\Framework\Interception\Chain\{closure}(Object(Magento\Framework\App\Request\Http))
#47 D:\xampp\htdocs\remindedofyou\vendor\magento\framework\Interception\Chain\Chain.php(67): Magento\Framework\Module\Plugin\DbStatusValidator->aroundDispatch(Object(Magento\Framework\App\FrontController\Interceptor), Object(Closure), Object(Magento\Framework\App\Request\Http))
#48 D:\xampp\htdocs\remindedofyou\vendor\magento\framework\Interception\Chain\Chain.php(63): Magento\Framework\Interception\Chain\Chain->invokeNext('Magento\\Framewo...', 'dispatch', Object(Magento\Framework\App\FrontController\Interceptor), Array, 'front-controlle...')
#49 D:\xampp\htdocs\remindedofyou\vendor\magento\module-page-cache\Model\App\FrontController\VarnishPlugin.php(55): Magento\Framework\Interception\Chain\Chain->Magento\Framework\Interception\Chain\{closure}(Object(Magento\Framework\App\Request\Http))
#50 D:\xampp\htdocs\remindedofyou\vendor\magento\framework\Interception\Chain\Chain.php(67): Magento\PageCache\Model\App\FrontController\VarnishPlugin->aroundDispatch(Object(Magento\Framework\App\FrontController\Interceptor), Object(Closure), Object(Magento\Framework\App\Request\Http))
#51 D:\xampp\htdocs\remindedofyou\vendor\magento\framework\Interception\Interceptor.php(138): Magento\Framework\Interception\Chain\Chain->invokeNext('Magento\\Framewo...', 'dispatch', Object(Magento\Framework\App\FrontController\Interceptor), Array, 'front-controlle...')
#52 D:\xampp\htdocs\remindedofyou\vendor\magento\module-page-cache\Model\App\FrontController\BuiltinPlugin.php(73): Magento\Framework\App\FrontController\Interceptor->Magento\Framework\Interception\{closure}(Object(Magento\Framework\App\Request\Http))
#53 D:\xampp\htdocs\remindedofyou\vendor\magento\framework\Interception\Interceptor.php(142): Magento\PageCache\Model\App\FrontController\BuiltinPlugin->aroundDispatch(Object(Magento\Framework\App\FrontController\Interceptor), Object(Closure), Object(Magento\Framework\App\Request\Http))
#54 D:\xampp\htdocs\remindedofyou\var\generation\Magento\Framework\App\FrontController\Interceptor.php(26): Magento\Framework\App\FrontController\Interceptor->___callPlugins('dispatch', Array, Array)
#55 D:\xampp\htdocs\remindedofyou\vendor\magento\framework\App\Http.php(135): Magento\Framework\App\FrontController\Interceptor->dispatch(Object(Magento\Framework\App\Request\Http))
#56 D:\xampp\htdocs\remindedofyou\vendor\magento\framework\App\Bootstrap.php(258): Magento\Framework\App\Http->launch()
#57 D:\xampp\htdocs\remindedofyou\index.php(39): Magento\Framework\App\Bootstrap->run(Object(Magento\Framework\App\Http))
#58 {main} [] []
[2018-06-29 07:27:25] main.CRITICAL: Magento\Framework\Exception\FileSystemException: The directory "D:/xampp/htdocs/remindedofyou/var/generation/Magento" cannot be deleted Warning!rmdir(D:/xampp/htdocs/remindedofyou/var/generation/Magento): Directory not empty in D:\xampp\htdocs\remindedofyou\vendor\magento\framework\Filesystem\Driver\File.php:410
Stack trace:
#0 D:\xampp\htdocs\remindedofyou\vendor\magento\framework\Filesystem\Driver\File.php(403): Magento\Framework\Filesystem\Driver\File->deleteDirectory('D:/xampp/htdocs...')
#1 D:\xampp\htdocs\remindedofyou\vendor\magento\framework\Filesystem\Directory\Write.php(174): Magento\Framework\Filesystem\Driver\File->deleteDirectory('D:/xampp/htdocs...')
#2 D:\xampp\htdocs\remindedofyou\vendor\magento\framework\Code\GeneratedFiles.php(86): Magento\Framework\Filesystem\Directory\Write->delete('var/generation')
#3 D:\xampp\htdocs\remindedofyou\vendor\magento\framework\App\ObjectManagerFactory.php(114): Magento\Framework\Code\GeneratedFiles->cleanGeneratedFiles()
#4 D:\xampp\htdocs\remindedofyou\vendor\magento\framework\App\Bootstrap.php(385): Magento\Framework\App\ObjectManagerFactory->create(Array)
#5 D:\xampp\htdocs\remindedofyou\vendor\magento\framework\App\Bootstrap.php(232): Magento\Framework\App\Bootstrap->initObjectManager()
#6 D:\xampp\htdocs\remindedofyou\index.php(38): Magento\Framework\App\Bootstrap->createApplication('Magento\\Framewo...')
#7 {main} [] []
